	GUIDS		|	Iterations
========================|========================
	HOL:2ABS0001	|	547
	HOL:2ABS0002	|	547
	HOL:2ABS0003	|	326
	HOL:2ABS0004	|	30
	HOL:2ABS0005	|	95
	HOL:2ABS0006	|	7
	HOL:2ABS0007	|	21
	HOL:2ABS0008	|	157
	HOL:2ABS0009	|	26
	HOL:2ABS0010	|	25
	HOL:2ABS0011	|	123
	HOL:2ABS0012	|	15
	HOL:2ABS0013	|	83
	HOL:2ABS0014	|	9
	HOL:2ABS0015	|	391
	HOL:2ABS0019	|	1254
	HOL:2ABS0020	|	1254
	HOL:2ABS0021	|	894
	HOL:2ABS0022	|	741
	HOL:2ABS0023	|	95
	HOL:2ABS0027	|	43
	HOL:2ABS0028	|	321
	HOL:2ABS0029	|	321
	HOL:2ABS0031	|	46
	HOL:2ABS0032	|	89
	HOL:2ABS0033	|	41
	HOL:2ABS0034	|	53
	HOL:2ABS0035	|	21
	HOL:2ABS0036	|	29
	HOL:2ABS0037	|	6
	HOL:2ABS0038	|	6
	HOL:2ABS0039	|	2
	HOL:2ABS0040	|	9
	HOL:2ABS0041	|	17
	HOL:2ABS0042	|	13
	HOL:2ABS0043	|	13
	HOL:2ABS0044	|	17
	HOL:2ABS0047	|	413
	HOL:2ABS0052	|	130
	HOL:2ABS0053	|	32
	HOL:2ABS0054	|	27
	HOL:2ABS0055	|	27
	HOL:2ABS0056	|	17
	HOL:2ABS0057	|	11
	HOL:2ABS0058	|	89
	HOL:2ABS0060	|	9
	HOL:2ABS0061	|	9
	HOL:2ABS0062	|	9
	HOL:2ABS0064	|	5
	HOL:2ABS0065	|	38
	HOL:2ABS0066	|	43
	HOL:2ABS0067	|	119
	HOL:2ABS0068	|	119
	HOL:2ABS0069	|	34
	HOL:2ABS0070	|	47
	HOL:2ABS0071	|	47
	HOL:2ABS0072	|	47
	HOL:2ABS0073	|	47
	HOL:2ABS0074	|	45
	HOL:2ABS0075	|	71
	HOL:2ABS0076	|	88
	HOL:2ABS0077	|	88
	HOL:2ABS0078	|	10
	HOL:2ABS0079	|	20
	HOL:2ABS0080	|	20
	HOL:2ABS0081	|	24
	HOL:2ABS0082	|	36
	HOL:2ABS0083	|	19
	HOL:2ABS0084	|	55
	HOL:2ABS0085	|	27
	HOL:2ABS0086	|	56
	HOL:2ABS0087	|	150
	HOL:2ABS0088	|	130
	HOL:2ABS0089	|	20
	HOL:2ABS0092	|	90
	HOL:2ABS0093	|	19
	HOL:2ABS0094	|	19
	HOL:2ABS0095	|	93
	HOL:2ABS0096	|	89
	HOL:2ABS0097	|	34
	HOL:2ABS0098	|	46
	HOL:2ABS0099	|	102
	HOL:2ABS0100	|	56
	HOL:2ABS0101	|	26
	HOL:2ABS0102	|	140
	HOL:2ABS0103	|	7
	HOL:2ABS0104	|	33
	HOL:2ABS0105	|	2
	HOL:2ABS0106	|	28
	HOL:2ABS0107	|	33
	HOL:2ABS0108	|	15
	HOL:2ABS0115	|	30
	HOL:2ABS0116	|	30
	HOL:2ABS0117	|	22
	HOL:2ABS0118	|	22
	HOL:2ABS0119	|	20
	HOL:2ABS0120	|	20
	HOL:2ABS0121	|	32
	HOL:2ABS0122	|	32
	HOL:2ABS0123	|	2
	HOL:2ABS0124	|	26
	HOL:2ABS0125	|	18
	HOL:2ABS0126	|	24
	HOL:2ABS0128	|	79
	HOL:2ABS0129	|	35
	HOL:2ABS0130	|	56
	HOL:2ABS0131	|	56
	HOL:2ABS0132	|	30
	HOL:2ABS0133	|	30
	HOL:2ABS0134	|	79
	HOL:2ABS0135	|	77
	HOL:2ABS0138	|	5
	HOL:2ABS0139	|	127
	HOL:2ABS0140	|	119
	HOL:2ABS0141	|	5
	HOL:2ABS0142	|	17
	HOL:2ABS0143	|	72
	HOL:2ABS0144	|	72
	HOL:2ABS0145	|	23
	HOL:2ABS0146	|	23
	HOL:2ABS0147	|	24
	HOL:2ABS0148	|	15
	HOL:2ABS0149	|	46
	HOL:2ABS0150	|	43
	HOL:2ABS0151	|	45
	HOL:2ABS0152	|	45
	HOL:2ABS0153	|	7
	HOL:2ABS0154	|	43
	HOL:2ABS0155	|	51
	HOL:2ABS0156	|	1550
	HOL:2ABS0157	|	82
	HOL:2ABS0158	|	286
	HOL:2ABS0159	|	32
	HOL:2ABS0160	|	19
	HOL:2ABS0161	|	21
	HOL:2ABS0162	|	32
	HOL:2ABS0163	|	5
	HOL:2ABS0164	|	7
	HOL:2ABS0165	|	49
	HOL:2ABS0166	|	31
	HOL:2ABS0167	|	86
	HOL:2ABS0168	|	45
	HOL:2ABS0169	|	135
	HOL:2ABS0170	|	45
	HOL:2ABS0171	|	847
	HOL:2ABS0172	|	22
	HOL:2ABS0173	|	65
	HOL:2ABS0174	|	41
	HOL:2ABS0175	|	22
	HOL:2ABS0176	|	127
	HOL:2ABS0177	|	148
	HOL:2ABS0178	|	74
	HOL:2ABS0179	|	30
	HOL:2ABS0180	|	11
	HOL:2ABS0181	|	999
	HOL:2ABS0182	|	11
	HOL:2ABS0183	|	59
	HOL:2ABS0184	|	15
	HOL:2ABS0185	|	328
	HOL:2ABS0186	|	21
	HOL:2ABS0187	|	17
	HOL:2ABS0188	|	19
	HOL:2ABS0189	|	17
	HOL:2ABS0190	|	57
	HOL:2ABS0191	|	44
	HOL:2ABS0192	|	88
	HOL:2ABS0193	|	33
	HOL:2ABS0194	|	21
	HOL:2ABS0195	|	88
	HOL:2ABS0197	|	19
	HOL:2ABS0198	|	42
	HOL:2ABS0199	|	57
	HOL:2ABS0200	|	33
	HOL:2ABS0201	|	88
	HOL:2ABS0202	|	34
	HOL:2ABS0203	|	33
	HOL:2ABS0204	|	34
	HOL:2ABS0205	|	138
	HOL:2ABS0206	|	176
	HOL:2ABS0207	|	125
	HOL:2ABS0208	|	33
	HOL:2ABS0209	|	32
	HOL:2ABS0210	|	34
	HOL:2ABS0211	|	42
	HOL:2ABS0212	|	176
	HOL:2ABS0213	|	41
	HOL:2ABS0214	|	125
	HOL:2ABS0215	|	41
	HOL:2ABS0216	|	42
	HOL:2ABS0217	|	21
	HOL:2ABS0218	|	42
	HOL:2ABS0219	|	39
	HOL:2ABS0220	|	35
	HOL:2ABS0221	|	4
	HOL:2ABS0222	|	84
	HOL:2ABS0223	|	36
	HOL:2ABS0224	|	39
	HOL:2ABS0225	|	24
	HOL:2ABS0226	|	11
	HOL:2ABS0227	|	21
	HOL:2ABS0228	|	30
	HOL:2ABS0229	|	4
	HOL:2ABS0230	|	46
	HOL:2ABS0231	|	36
	HOL:2ABS0232	|	9
	HOL:2ABS0233	|	42
	HOL:2ABS0234	|	23
	HOL:2ABS0235	|	11
	HOL:2ABS0236	|	5
	HOL:2ABS0237	|	26
	HOL:2ABS0238	|	18
	HOL:2ABS0239	|	46
	HOL:2ABS0240	|	25
	HOL:2ABS0241	|	9
	HOL:2ABS0242	|	20
	HOL:2ABS0243	|	23
	HOL:2ABS0244	|	11
	HOL:2ABS0245	|	5
	HOL:2ABS0246	|	27
	HOL:2ABS0247	|	24
	HOL:2ABS0248	|	25
	HOL:2ABS0249	|	9
	HOL:2ABS0250	|	65
	HOL:2ABS0251	|	34
	HOL:2ABS0252	|	51
	HOL:2ABS0253	|	32
	HOL:2ABS0254	|	12
	HOL:2ABS0255	|	4
	HOL:2ABS0256	|	148
	HOL:2ABS0257	|	32
	HOL:2ABS0258	|	25
	HOL:2ABS0259	|	25
	HOL:2ABS0260	|	24
	HOL:2ABS0261	|	68
	HOL:2ABS0263	|	21
	HOL:2ABS0264	|	4
	HOL:2ABS0265	|	367
	HOL:2ABS0266	|	46
	HOL:2ABS0267	|	46
	HOL:2ABS0268	|	75
	HOL:2ABS0269	|	75
	HOL:2ABS0270	|	43
	HOL:2ABS0271	|	45
	HOL:2ABS0272	|	31
	HOL:2ABS0273	|	21
	HOL:2ABS0274	|	27
	HOL:2ABS0275	|	141
	HOL:2ABS0276	|	2519
	HOL:2ABS0277	|	5
	HOL:2ABS0278	|	5
	HOL:2ABS0279	|	628
	HOL:2ABS0280	|	628
	HOL:2ABS0281	|	173
	HOL:2ABS0282	|	173
	HOL:2ABS0283	|	22
	HOL:2ABS0284	|	833
	HOL:2ABS0285	|	833
	HOL:2ABS0286	|	4157
	HOL:2ABS0287	|	286
	HOL:2ABS0288	|	30
	HOL:2ABS0289	|	67
	HOL:2ABS0292	|	27
	HOL:2ABS0293	|	491
	HOL:2ABS0294	|	17
	HOL:2ABS0295	|	36
	HOL:2ABS0296	|	22
	HOL:2ABS0297	|	27
	HOL:2ABS0298	|	491
	HOL:2ABS0299	|	17
	HOL:2ABS0300	|	36
	HOL:2ABS0301	|	54
	HOL:2ABS0302	|	22
	HOL:2ABS0303	|	150
	HOL:2ABS0304	|	16
	HOL:2ABS0305	|	14
	HOL:2ABS0306	|	6
	HOL:2ABS0307	|	125
	HOL:2ABS0308	|	107
	HOL:2ABS0309	|	251
	HOL:2ABS0310	|	74
	HOL:2ABS0311	|	6
	HOL:2ABS0312	|	125
	HOL:2ABS0313	|	107
	HOL:2ABS0314	|	251
	HOL:2ABS0315	|	71
	HOL:2ABS0316	|	24
	HOL:2ABS0317	|	22
	HOL:2ABS0318	|	35
	HOL:2ABS0319	|	20
	HOL:2ABS0320	|	20
	HOL:2ABS0321	|	18
	HOL:2ABS0322	|	10
	HOL:2ABS0324	|	24
	HOL:2ABS0325	|	24
	HOL:2ABS0326	|	6
	HOL:2ABS0327	|	192
	HOL:2ABS0328	|	162
	HOL:2ABS0329	|	162
	HOL:2ABS0330	|	39
	HOL:2ABS0331	|	24
	HOL:2ABS0332	|	32
	HOL:2ABS0333	|	24
	HOL:2ABS0334	|	30
	HOL:2ABS0335	|	25
	HOL:2ABS0336	|	8
	HOL:2ABS0337	|	114
	HOL:2ABS0339	|	403
	HOL:2ABS0340	|	156
	HOL:2ABS0341	|	1262
	HOL:2ABS0342	|	21
	HOL:2ABS0343	|	274
	HOL:2ABS0344	|	212
	HOL:2ABS0345	|	158
	HOL:2ABS0346	|	212
	HOL:2ABS0347	|	178
	HOL:2ABS0348	|	44
	HOL:2ABS0349	|	86
	HOL:2ABS0350	|	86
	HOL:2ABS0351	|	86
	HOL:2ABS0352	|	38
	HOL:2ABS0353	|	43
	HOL:2ABS0354	|	72
	HOL:2ABS0357	|	72
	HOL:2ABS0358	|	7
	HOL:2ABS0361	|	7
	HOL:2ABS0362	|	42
	HOL:2ABS0364	|	46
	HOL:2ABS0365	|	354
	HOL:2ABS0366	|	3
	HOL:2ABS0367	|	171
	HOL:2ABS0368	|	46
	HOL:2ABS0369	|	41
	HOL:2ABS0370	|	43
	HOL:2ABS0371	|	17
	HOL:2ABS0372	|	36
	HOL:2ABS0373	|	45
	HOL:2ABS0374	|	41
	HOL:2ABS0375	|	31
	HOL:2ABS0376	|	17
	HOL:2ABS0377	|	45
	HOL:2ABS0378	|	30
	HOL:2ABS0379	|	30
	HOL:2ABS0380	|	74
	HOL:2ABS0382	|	29
	HOL:2ABS0383	|	44
	HOL:2ABS0384	|	36
	HOL:2ABS0385	|	37
	HOL:2ABS0386	|	38
	HOL:2ABS0387	|	33
	HOL:2ABS0388	|	36
	HOL:2ABS0389	|	30
	HOL:2ABS0390	|	30
	HOL:2ABS0391	|	17
	HOL:2ABS0392	|	15
	HOL:2ABS0393	|	37
	HOL:2ABS0394	|	44
	HOL:2ABS0395	|	96
	HOL:2ABS0396	|	30
	HOL:2ABS0397	|	30
	HOL:2ABS0398	|	26
	HOL:2ABS0399	|	21
	HOL:2ABS0400	|	16
	HOL:2ABS0402	|	16
	HOL:2ABS0403	|	71
	HOL:2ABS0404	|	36
	HOL:2ABS0405	|	21
	HOL:2ABS0406	|	36
	HOL:2ABS0407	|	21
	HOL:2ABS0408	|	45
	HOL:2ABS0409	|	506
	HOL:2ABS0411	|	16
	HOL:2ABS0412	|	9
	HOL:2ABS0413	|	56
	HOL:2ABS0414	|	21
	HOL:2ABS0415	|	21
	HOL:2ABS0416	|	89
	HOL:2ABS0417	|	17
	HOL:2ABS0418	|	112
	HOL:2ABS0419	|	40
	HOL:2ABS0420	|	25
	HOL:2ABS0421	|	25
	HOL:2ABS0422	|	65
	HOL:2ABS0423	|	232
	HOL:2ABS0424	|	232
	HOL:2ABS0425	|	8
	HOL:2ABS0426	|	252
	HOL:2ABS0427	|	252
	HOL:2ABS0428	|	120
	HOL:2ABS0429	|	63
	HOL:2ABS0430	|	63
	HOL:2ABS0431	|	63
	HOL:2ABS0432	|	207
	HOL:2ABS0433	|	63
	HOL:2ABS0434	|	79
	HOL:2ABS0435	|	13
	HOL:2ABS0436	|	65
	HOL:2ABS0437	|	18
	HOL:2ABS0438	|	16
	HOL:2ABS0439	|	31
	HOL:2ABS0440	|	16
	HOL:2ABS0441	|	22
	HOL:2ABS0442	|	22
	HOL:2ABS0443	|	112
	HOL:2ABS0444	|	32
	HOL:2ABS0445	|	374
	HOL:2ABS0446	|	13
	HOL:2ABS0447	|	386
	HOL:2ABS0448	|	98
	HOL:2ABS0449	|	46
	HOL:2ABS0450	|	79
	HOL:2ABS0451	|	46
	HOL:2ABS0452	|	39
	HOL:2ABS0453	|	477
	HOL:2ABS0454	|	415
	HOL:2ABS0455	|	483
	HOL:2ABS0456	|	100
	HOL:2ABS0457	|	1552
	HOL:2ABS0458	|	72
	HOL:2ABS0459	|	101
	HOL:2ABS0460	|	168
	HOL:2ABS0461	|	304
	HOL:2ABS0462	|	100
	HOL:2ABS0463	|	100
	HOL:2ABS0464	|	132
	HOL:2ABS0465	|	43
	HOL:2ABS0466	|	149
	HOL:2ABS0467	|	149
	HOL:2ABS0468	|	207
	HOL:2ABS0469	|	109
	HOL:2ABS0470	|	22
	HOL:2ABS0471	|	135
	HOL:2ABS0472	|	135
	HOL:2ABS0473	|	18
	HOL:2ABS0474	|	95
	HOL:2ABS0475	|	18
	HOL:2ABS0476	|	95
	HOL:2ABS0477	|	9
	HOL:2ABS0478	|	14
	HOL:2ABS0479	|	5
	HOL:2ABS0480	|	55
	HOL:2ABS0481	|	394
	HOL:2ABS0482	|	46
	HOL:2ABS0483	|	46
	HOL:2ABS0484	|	129
	HOL:2ABS0485	|	546
	HOL:2ABS0486	|	1926
	HOL:2ABS0488	|	81
	HOL:2ABS0489	|	227
	HOL:2ABS0490	|	227
	HOL:2ABS0491	|	160
	HOL:2ABS0492	|	7
	HOL:2ABS0493	|	12
	HOL:2ABS0494	|	19
	HOL:2ABS0495	|	34
	HOL:2ABS0496	|	42
	HOL:2ABS0497	|	5
	HOL:2ABS0498	|	3
	HOL:2ABS0499	|	59
	HOL:2ABS0500	|	42
	HOL:2ABS0501	|	27
	HOL:2ABS0502	|	3
	HOL:2ABS0503	|	60
	HOL:2ABS0504	|	14
	HOL:2ABS0505	|	6
	HOL:2ABS0506	|	539
	HOL:2ABS0507	|	11
	HOL:2ABS0508	|	22
	HOL:2ABS0509	|	22
	HOL:2ABS0510	|	69
	HOL:2ABS0511	|	45
	HOL:2ABS0515	|	71
	HOL:2ABS0517	|	69
	HOL:2ABS0519	|	71
	HOL:2ABS0520	|	6
	HOL:2ABS0521	|	57
	HOL:2ABS0522	|	55
	HOL:2ABS0524	|	4
	HOL:2ABS0525	|	18
	HOL:2ABS0526	|	25
	HOL:2ABS0527	|	67
	HOL:2ABS0528	|	13
	HOL:2ABS0529	|	32
	HOL:2ABS0530	|	81
	HOL:2ABS0531	|	49
	HOL:2ABS0532	|	224
	HOL:2ABS0533	|	22
	HOL:2ABS0534	|	7
	HOL:2ABS0536	|	32
	HOL:2ABS0537	|	836
	HOL:2ABS0538	|	41
	HOL:2ABS0540	|	42
	HOL:2ABS0541	|	50
	HOL:2ABS0542	|	6
	HOL:2ABS0544	|	836
	HOL:2ABS0545	|	73
	HOL:2ABS0546	|	50
	HOL:2ABS0550	|	16
	HOL:2ABS0552	|	5
	HOL:2ABS0553	|	22
	HOL:2ABS0555	|	2
	HOL:2ABS0556	|	66
	HOL:2ABS0557	|	73
	HOL:2ABS0558	|	13
	HOL:2ABS0559	|	11
	HOL:2ABS0560	|	32
	HOL:2ABS0561	|	14
	HOL:2ABS0562	|	6
	HOL:2ABS0563	|	43
	HOL:2ABS0564	|	56
	HOL:2ABS0566	|	45
	HOL:2ABS0567	|	37
	HOL:2ABS0569	|	16
	HOL:2ABS0570	|	25
	HOL:2ABS0571	|	25
	HOL:2ABS0572	|	4
	HOL:2ABS0573	|	43
	HOL:2ABS0576	|	6
	HOL:2ABS0577	|	19
	HOL:2ABS0578	|	24
	HOL:2ABS0579	|	44
	HOL:2ABS0580	|	74
	HOL:2ABS0581	|	12
	HOL:2ABS0584	|	12
	HOL:2ABS0585	|	41
	HOL:2ABS0586	|	5
	HOL:2ABS0587	|	6
	HOL:2ABS0588	|	41
	HOL:2ABS0589	|	3
	HOL:2ABS0590	|	5
	HOL:2ABS0592	|	73
	HOL:2ABS0593	|	6
	HOL:2ABS0594	|	41
	HOL:2ABS0596	|	42
	HOL:2ABS0597	|	135
	HOL:2ABS0598	|	104
	HOL:2ABS0601	|	34
	HOL:2ABS0602	|	50
	HOL:2ABS0604	|	37
	HOL:2ABS0605	|	34
	HOL:2ABS0606	|	50
	HOL:2ABS0607	|	45
	HOL:2ABS0609	|	32
	HOL:2ABS0610	|	3
	HOL:2ABS0611	|	5
	HOL:2ABS0612	|	49
	HOL:2ABS0613	|	172
	HOL:2ABS0614	|	89
	HOL:2ABS0615	|	9
	HOL:2ABS0616	|	8
	HOL:2ABS0617	|	49
	HOL:2ABS0618	|	172
	HOL:2ABS0619	|	8
	HOL:2ABS0620	|	45
	HOL:2ABS0622	|	39
	HOL:2ABS0623	|	4
	HOL:2ABS0624	|	56
	HOL:2ABS0625	|	58
	HOL:2ABS0626	|	815
	HOL:2ABS0627	|	815
	HOL:2ABS0628	|	23
	HOL:2ABS0630	|	88
	HOL:2ABS0632	|	3
	HOL:2ABS0633	|	15
	HOL:2ABS0634	|	48
	HOL:2ABS0635	|	70
	HOL:2ABS0636	|	42
	HOL:2ABS0637	|	19
	HOL:2ABS0638	|	38
	HOL:2ABS0639	|	34
	HOL:2ABS0640	|	19
	HOL:2ABS0641	|	159
	HOL:2ABS0642	|	159
	HOL:2ABS0643	|	27
	HOL:2ABS0644	|	25
	HOL:2ABS0645	|	6
	HOL:2ABS0646	|	59
	HOL:2ABS0647	|	59
	HOL:2ABS0648	|	37
	HOL:2ABS0649	|	41
	HOL:2ABS0650	|	41
	HOL:2ABS0651	|	18
	HOL:2ABS0652	|	18
	HOL:2ABS0653	|	57
	HOL:2ABS0654	|	5
	HOL:2ABS0655	|	5
	HOL:2ABS0656	|	9
	HOL:2ABS0657	|	22
	HOL:2ABS0658	|	95
	HOL:2ABS0659	|	26
	HOL:2ABS0660	|	7
	HOL:2ABS0661	|	7
	HOL:2ABS0662	|	4
	HOL:2ABS0663	|	7
	HOL:2ABS0664	|	7
	HOL:2ABS0665	|	13
	HOL:2ABS0666	|	55
	HOL:2ABS0667	|	12
	HOL:2ABS0668	|	8
	HOL:2ABS0670	|	28
	HOL:2ABS0671	|	28
	HOL:2ABS0672	|	16
	HOL:2ABS0673	|	89
	HOL:2ABS0675	|	26
	HOL:2ABS0676	|	20
	HOL:2ABS0677	|	20
	HOL:2ABS0678	|	29
	HOL:2ABS0679	|	38
	HOL:2ABS0680	|	488
	HOL:2ABS0681	|	343
	HOL:2ABS0682	|	67
	HOL:2ABS0683	|	152
	HOL:2ABS0685	|	6
	HOL:2ABS0686	|	25
	HOL:2ABS0687	|	25
	HOL:2ABS0688	|	25
	HOL:2ABS0689	|	25
	HOL:2ABS0690	|	53
	HOL:2ABS0691	|	55
	HOL:2ABS0692	|	48
	HOL:2ABS0693	|	19
	HOL:2ABS0694	|	19
	HOL:2ABS0695	|	19
	HOL:2ABS0696	|	19
	HOL:2ABS0697	|	30
	HOL:2ABS0698	|	34
	HOL:2ABS0699	|	3
	HOL:2ABS0700	|	3
	HOL:2ABS0701	|	11
	HOL:2ABS0702	|	42
	HOL:2ABS0703	|	41
	HOL:2ABS0704	|	41
	HOL:2ABS0705	|	9
	HOL:2ABS0706	|	9
	HOL:2ABS0707	|	9
	HOL:2ABS0708	|	9
	HOL:2ABS0709	|	323
	HOL:2ABS0710	|	323
	HOL:2ABS0711	|	173
	HOL:2ABS0712	|	173
	HOL:2ABS0713	|	5
	HOL:2ABS0714	|	11
	HOL:2ABS0715	|	11
	HOL:2ABS0716	|	11
	HOL:2ABS0717	|	11
	HOL:2ABS0718	|	17
	HOL:2ABS0719	|	74
	HOL:2ABS0720	|	74
	HOL:2ABS0721	|	22
	HOL:2ABS0722	|	21
	HOL:2ABS0723	|	10
	HOL:2ABS0724	|	42
	HOL:2ABS0725	|	42
	HOL:2ABS0726	|	33
	HOL:2ABS0727	|	33
	HOL:2ABS0728	|	33
	HOL:2ABS0729	|	53
	HOL:2ABS0730	|	53
	HOL:2ABS0731	|	22
	HOL:2ABS0732	|	26
	HOL:2ABS0733	|	26
	HOL:2ABS0734	|	93
	HOL:2ABS0735	|	120
	HOL:2ABS0736	|	120
	HOL:2ABS0737	|	120
	HOL:2ABS0738	|	120
	HOL:2ABS0739	|	63
	HOL:2ABS0740	|	63
	HOL:2ABS0741	|	48
	HOL:2ABS0742	|	48
	HOL:2ABS0743	|	54
	HOL:2ABS0744	|	4
	HOL:2ABS0745	|	10
	HOL:2ABS0746	|	16
	HOL:2ABS0747	|	53
	HOL:2ABS0748	|	53
	HOL:2ABS0749	|	7
	HOL:2ABS0750	|	22
	HOL:2ABS0751	|	5
	HOL:2ABS0752	|	16
	HOL:2ABS0753	|	17
	HOL:2ABS0755	|	34
	HOL:2ABS0756	|	56
	HOL:2ABS0757	|	56
	HOL:2ABS0758	|	12
	HOL:2ABS0759	|	8
	HOL:2ABS0760	|	3
	HOL:2ABS0761	|	12
	HOL:2ABS0762	|	8
	HOL:2ABS0763	|	3
	HOL:2ABS0764	|	9
	HOL:2ABS0765	|	9
	HOL:2ABS0767	|	22
	HOL:2ABS0768	|	28
	HOL:2ABS0769	|	4
	HOL:2ABS0770	|	28
	HOL:2ABS0771	|	16
	HOL:2ABS0776	|	7
	HOL:2ABS0777	|	7
	HOL:2ABS0778	|	7
	HOL:2ABS0779	|	7
	HOL:2ABS0781	|	47
	HOL:2ABS0782	|	42
	HOL:2ABS0783	|	10
	HOL:2ABS0784	|	9
	HOL:2ABS0785	|	47
	HOL:2ABS0786	|	42
	HOL:2ABS0787	|	10
	HOL:2ABS0788	|	15
	HOL:2ABS0789	|	3
	HOL:2ABS0790	|	10
	HOL:2ABS0791	|	14
	HOL:2ABS0792	|	10
	HOL:2ABS0793	|	11
	HOL:2ABS0794	|	14
	HOL:2ABS0795	|	6
	HOL:2ABS0796	|	6
	HOL:2ABS0797	|	6
	HOL:2ABS0798	|	24
	HOL:2ABS0799	|	623
	HOL:2ABS0800	|	1455
	HOL:2ABS0801	|	56
	HOL:2ABS0803	|	91
	HOL:2ABS0804	|	95
	HOL:2ABS0805	|	55
	HOL:2ABS0806	|	55
	HOL:2ABS0807	|	55
	HOL:2ABS0808	|	65
	HOL:2ABS0809	|	329
	HOL:2ABS0810	|	329
	HOL:2ABS0811	|	132
	HOL:2ABS0812	|	341
	HOL:2ABS0813	|	203
	HOL:2ABS0814	|	41
	HOL:2ABS0816	|	13
	HOL:2ABS0840	|	168
	HOL:2ABS0841	|	37
	HOL:2ABS0843	|	44
	HOL:2ABS0844	|	22
	HOL:2ABS0845	|	18
	HOL:2ABS0847	|	94
	HOL:2ABS0848	|	53
	HOL:2ABS0849	|	53
	HOL:2ABS0850	|	53
	HOL:2ABS0851	|	53
	HOL:2ABS0852	|	54
	HOL:2ABS0853	|	45
	HOL:2ABS0854	|	11
	HOL:2ABS0855	|	47
	HOL:2ABS0856	|	27
	HOL:2ABS0857	|	84
	HOL:2ABS0858	|	84
	HOL:2ABS0859	|	84
	HOL:2ABS0860	|	13
	HOL:2ABS0861	|	13
	HOL:2ABS0862	|	63
	HOL:2ABS0863	|	63
	HOL:2ABS0864	|	26
	HOL:2ABS0865	|	42
	HOL:2ABS0866	|	56
	HOL:2ABS0867	|	60
	HOL:2ABS0868	|	55
	HOL:2ABS0869	|	30
	HOL:2ABS0871	|	34
	HOL:2ABS0872	|	20
	HOL:2ABS0873	|	24
	HOL:2ABS0874	|	236
	HOL:2ABS0875	|	53
	HOL:2ABS0876	|	8
	HOL:2ABS0877	|	28
	HOL:2ABS0880	|	215
	HOL:2ABS0881	|	20
	HOL:2ABS0882	|	87
	HOL:2ABS0883	|	98
	HOL:2ABS0884	|	31
	HOL:2ABS0885	|	32
	HOL:2ABS0886	|	32
	HOL:2ABS0887	|	88
	HOL:2ABS0888	|	117
	HOL:2ABS0889	|	45
	HOL:2ABS0890	|	34
	HOL:2ABS0891	|	45
	HOL:2ABS0892	|	51
	HOL:2ABS0893	|	18
	HOL:2ABS0894	|	72
	HOL:2ABS0895	|	199
	HOL:2ABS0896	|	32
	HOL:2ABS0897	|	117
	HOL:2ABS0902	|	71
	HOL:2ABS0903	|	62
	HOL:2ABS0905	|	22
	HOL:2ABS0906	|	35
	HOL:2ABS0907	|	9
	HOL:2ABS0908	|	35
	HOL:2ABS0909	|	40
	HOL:2ABS0910	|	72
	HOL:2ABS0911	|	54
	HOL:2ABS0913	|	100
	HOL:2ABS0914	|	22
	HOL:2ABS0915	|	32
	HOL:2ABS0916	|	68
	HOL:2ABS0917	|	55
	HOL:2ABS0918	|	186
	HOL:2ABS0919	|	58
	HOL:2ABS0920	|	67
	HOL:2ABS0921	|	52
	HOL:2ABS0922	|	52
	HOL:2ABS0923	|	32
	HOL:2ABS0924	|	32
	HOL:2ABS0925	|	16
	HOL:2ABS0926	|	16
	HOL:2ABS0930	|	52
	HOL:2ABS0937	|	2
	HOL:2ABS0938	|	59
	HOL:2ABS0939	|	30
	HOL:2ABS0940	|	30
	HOL:2ABS0941	|	42
	HOL:2ABS0943	|	319
	HOL:2ABS0944	|	560
	HOL:2ABS0945	|	28
	HOL:2ABS0947	|	117
	HOL:2ABS0948	|	29
	HOL:2ABS0949	|	12
	HOL:2ABS0950	|	28
	HOL:2ABS0951	|	22
	HOL:2ABS0953	|	53
	HOL:2ABS0955	|	118
	HOL:2ABS0956	|	118
	HOL:2ABS0957	|	1885
	HOL:2ABS0963	|	418
	HOL:2ABS0976	|	8
	HOL:2ABS0995	|	287
	HOL:2ABS0997	|	123
	HOL:2ABS0998	|	158
	HOL:2ABS1002	|	54
	HOL:2ABS1003	|	167
	HOL:2ABS1004	|	54
	HOL:2ABS1005	|	167
	HOL:2ABS1012	|	102
	HOL:2ABS1016	|	12
	HOL:2ABS1017	|	15
	HOL:2ABS1018	|	19
	HOL:2ABS1020	|	87
	HOL:2ABS1027	|	44
	HOL:2ABS1032	|	54
	HOL:2ABS1034	|	65
	HOL:2ABS1036	|	29
	HOL:2ABS1037	|	90
	HOL:2ABS1038	|	88
	HOL:2ABS1039	|	59
	HOL:2ABS1040	|	88
	HOL:2ABS1041	|	98
	HOL:2ABS1042	|	98
	HOL:2ABS1047	|	9
	HOL:2ABS1052	|	34
	HOL:2ABS1053	|	9
	HOL:2ABS1057	|	41
	HOL:2ABS1059	|	8
	HOL:2ABS1062	|	41
	HOL:2ABS1064	|	8
	HOL:2ABS1067	|	5
	HOL:2ABS1068	|	5
	HOL:2ABS1069	|	26
	HOL:2ABS1070	|	67
	HOL:2ABS1071	|	67
	HOL:2ABS1072	|	56
	HOL:2ABS1078	|	20
	HOL:2ABS1081	|	16
	HOL:2ABS1082	|	10
	HOL:2ABS1084	|	15
	HOL:2ABS1085	|	15
	HOL:2ABS1086	|	115
	HOL:2ABS1087	|	115
	HOL:2ABS1092	|	13
	HOL:2ABS1093	|	14
	HOL:2ABS1094	|	13
	HOL:2ABS1095	|	14
	HOL:2ABS1096	|	10
	HOL:2ABS1097	|	10
	HOL:2ABS1098	|	6
	HOL:2ABS1099	|	6
	HOL:2ABS1100	|	9
	HOL:2ABS1101	|	9
	HOL:2ABS1102	|	50
	HOL:2ABS1103	|	59
	HOL:2ABS1104	|	53
	HOL:2ABS1105	|	53
	HOL:2ABS1106	|	68
	HOL:2ABS1107	|	68
	HOL:2ABS1108	|	29
	HOL:2ABS1109	|	196
	HOL:2ABS1110	|	196
	HOL:2ABS1111	|	41
	HOL:2ABS1112	|	41
	HOL:2ABS1113	|	35
	HOL:2ABS1114	|	151
	HOL:2ABS1115	|	151
	HOL:2ABS1116	|	29
	HOL:2ABS1117	|	29
	HOL:2ABS1118	|	31
	HOL:2ABS1119	|	12
	HOL:2ABS1129	|	42
	HOL:2ABS1136	|	42
	HOL:2ABS1138	|	15
	HOL:2ABS1141	|	23
	HOL:2ABS1143	|	38
	HOL:2ABS1144	|	46
	HOL:2ABS1145	|	103
	HOL:2ABS1146	|	47
	HOL:2ABS1147	|	103
	HOL:2ABS1148	|	498
	HOL:2ABS1149	|	16
	HOL:2ABS1150	|	498
	HOL:2ABS1151	|	51
	HOL:2ABS1153	|	51
	HOL:2ABS1155	|	59
	HOL:2ABS1156	|	308
	HOL:2ABS1158	|	522
	HOL:2ABS1162	|	407
	HOL:2ABS1163	|	71
	HOL:2ABS1164	|	36
	HOL:2ABS1165	|	407
	HOL:2ABS1166	|	91
	HOL:2ABS1168	|	44
	HOL:2ABS1169	|	46
	HOL:2ABS1171	|	46
	HOL:2ABS1172	|	46
	HOL:2ABS1173	|	344
	HOL:2ABS1174	|	46
	HOL:2ABS1175	|	43
	HOL:2ABS1176	|	22
	HOL:2ABS1185	|	70
	HOL:2ABS1193	|	89
	HOL:2ABS1199	|	8
	HOL:2ABS1206	|	8
	HOL:2ABS1212	|	6
	HOL:2ABS1213	|	90
	HOL:2ABS1215	|	89
	HOL:2ABS1218	|	91
	HOL:2ABS1227	|	70
	HOL:2ABS1228	|	102
	HOL:2ABS1231	|	13
	HOL:2ABS1234	|	55
	HOL:2ABS1235	|	9
	HOL:2ABS1236	|	25
	HOL:2ABS1238	|	49
	HOL:2ABS1239	|	5
	HOL:2ABS1240	|	62
	HOL:2ABS1242	|	5
	HOL:2ABS1243	|	56
	HOL:2ABS1244	|	9
	HOL:2ABS1245	|	9
	HOL:2ABS1246	|	76
	HOL:2ABS1247	|	215
	HOL:2ABS1248	|	9
	HOL:2ABS1250	|	25
	HOL:2ABS1251	|	25
	HOL:2ABS1252	|	14
	HOL:2ABS1253	|	48
	HOL:2ABS1257	|	96
	HOL:2ABS1258	|	18
	HOL:2ABS1259	|	219
	HOL:2ABS1265	|	104
	HOL:2ABS1267	|	72
	HOL:2ABS1268	|	271
	HOL:2ABS1269	|	149
	HOL:2ABS1273	|	72
	HOL:2ABS1274	|	185
	HOL:2ABS1275	|	185
	HOL:2ABS1276	|	12
	HOL:2ABS1277	|	41
	HOL:2ABS1278	|	11
	HOL:2ABS1279	|	215
	HOL:2ABS1280	|	31
	HOL:2ABS1281	|	26
	HOL:2ABS1282	|	2
	HOL:2ABS1283	|	131
	HOL:2ABS1284	|	14
	HOL:2ABS1286	|	42
	HOL:2ABS1289	|	161
	HOL:2ABS1290	|	7
	HOL:2ABS1293	|	5
	HOL:2ABS1295	|	12
	HOL:2ABS1296	|	20
	HOL:2ABS1301	|	53
	HOL:2ABS1303	|	53
	HOL:2ABS1305	|	42
	HOL:2ABS1309	|	8
	HOL:2ABS1312	|	82
	HOL:2ABS1313	|	82
	HOL:2ABS1314	|	13
	HOL:2ABS1317	|	9
	HOL:2ABS1323	|	14
	HOL:2ABS1324	|	46
	HOL:2ABS1326	|	16
	HOL:2ABS1327	|	25
	HOL:2ABS1328	|	16
	HOL:2ABS1331	|	13
	HOL:2ABS1332	|	16
	HOL:2ABS1341	|	16
	HOL:2ABS1342	|	59
	HOL:2ABS1343	|	8
	HOL:2ABS1349	|	16
	HOL:2ABS1351	|	2446
	HOL:2ABS1355	|	82
	HOL:2ABS1365	|	43
	HOL:2ABS1366	|	43
	HOL:2ABS1369	|	59
	HOL:2ABS1370	|	59
	HOL:2ABS1378	|	1530
	HOL:2ABS1379	|	304
	HOL:2ABS1381	|	16
	HOL:2ABS1382	|	16
	HOL:2ABS1383	|	304
	HOL:2ABS1385	|	6
	HOL:2ABS1394	|	42
	HOL:2ABS1396	|	19
	HOL:2ABS1399	|	16
	HOL:2ABS1401	|	24
	HOL:2ABS1402	|	4
	HOL:2ABS1404	|	24
	HOL:2ABS1406	|	16
	HOL:2ABS1407	|	24
	HOL:2ABS1408	|	4
	HOL:2ABS1412	|	99
	HOL:2ABS1414	|	218
	HOL:2ABS1415	|	133
	HOL:2ABS1417	|	98
	HOL:2ABS1418	|	72
	HOL:2ABS1419	|	129
	HOL:2ABS1421	|	218
	HOL:2ABS1422	|	43
	HOL:2ABS1424	|	43
	HOL:2ABS1426	|	88
	HOL:2ABS1428	|	115
	HOL:2ABS1429	|	133
	HOL:2ABS1430	|	133
	HOL:2ABS1431	|	8
	HOL:2ABS1433	|	21
	HOL:2ABS1434	|	109
	HOL:2ABS1435	|	109
	HOL:2ABS1437	|	21
	HOL:2ABS1438	|	643
	HOL:2ABS1439	|	12
	HOL:2ABS1440	|	67
	HOL:2ABS1445	|	643
	HOL:2ABS1446	|	12
	HOL:2ABS1447	|	67
	HOL:2ABS1452	|	5
	HOL:2ABS1453	|	5
	HOL:2ABS1455	|	16
	HOL:2ABS1459	|	71
	HOL:2ABS1461	|	35
	HOL:2ABS1480	|	2
	HOL:2ABS1486	|	9
	HOL:2ABS1487	|	20
	HOL:2ABS1492	|	6
	HOL:2ABS1508	|	4
	HOL:2ABS1510	|	14
	HOL:2ABS1511	|	14
	HOL:2ABS1513	|	28
	HOL:2ABS1514	|	28
	HOL:2ABS1516	|	11
	HOL:2ABS1520	|	5
	HOL:2ABS1521	|	5
	HOL:2ABS1529	|	13
	HOL:2ABS1536	|	201
	HOL:2ABS1537	|	132
	HOL:2ABS1538	|	89
	HOL:2ABS1542	|	1425
	HOL:2ABS1543	|	1885
	HOL:2ABS1547	|	4146
	HOL:2ABS1549	|	217
	HOL:2ABS1550	|	217
	HOL:2ABS1551	|	49
	HOL:2ABS1556	|	58
	HOL:2ABS1557	|	58
	HOL:2ABS1562	|	86
	HOL:2ABS1563	|	15
	HOL:2ABS1564	|	15
	HOL:2ABS1566	|	43
	HOL:2ABS1568	|	41
	HOL:2ABS1569	|	41
	HOL:2ABS1583	|	2
	HOL:2ABS1591	|	97
	HOL:2ABS1592	|	247
	HOL:2ABS1600	|	41
	HOL:2ABS1601	|	30
	HOL:2ABS1619	|	26
	HOL:2ABS1620	|	4
	HOL:2ABS1621	|	19
	HOL:2ABS1624	|	8
	HOL:2ABS1625	|	46
	HOL:2ABS1627	|	4
	HOL:2ABS1628	|	16
	HOL:2ABS1629	|	18
	HOL:2ABS1633	|	29
	HOL:2ABS1650	|	6
	HOL:2ABS1654	|	5
	HOL:2ABS1655	|	5
	HOL:2ABS1656	|	5
	HOL:2ABS1657	|	5
	HOL:2ABS1658	|	10
	HOL:2ABS1659	|	10
	HOL:2ABS1662	|	12
	HOL:2ABS1663	|	12
	HOL:2ABS1665	|	32
	HOL:2ABS1666	|	50
	HOL:2ABS1667	|	50
	HOL:2ABS1668	|	28
	HOL:2ABS1669	|	28
	HOL:2ABS1670	|	85
	HOL:2ABS1671	|	42
	HOL:2ABS1672	|	42
	HOL:2ABS1673	|	43
	HOL:2ABS1674	|	43
	HOL:2ABS1676	|	6
	HOL:2ABS1683	|	16
	HOL:2ABS1708	|	3
	HOL:2ABS1709	|	3
	HOL:2ABS1723	|	38
	HOL:2ABS1724	|	4
	HOL:2ABS1725	|	4
	HOL:2ABS1726	|	49
	HOL:2ABS1727	|	122
	HOL:2ABS1730	|	44
	HOL:2ABS1743	|	16
	HOL:2ABS1750	|	67
	HOL:2ABS1756	|	18
	HOL:2ABS1757	|	18
	HOL:2ABS1758	|	18
	HOL:2ABS1759	|	42
	HOL:2ABS1771	|	42
	HOL:2ABS1772	|	12
	HOL:2ABS1773	|	42
	HOL:2ABS1774	|	2
	HOL:2ABS1775	|	2
	HOL:2ABS1784	|	28
	HOL:2ABS1799	|	38
	HOL:2ABS1800	|	9
	HOL:2ABS1801	|	9
	HOL:2ABS1802	|	304
	HOL:2ABS1803	|	304
	HOL:2ABS1810	|	97
	HOL:2ABS1819	|	42
	HOL:2ABS1821	|	41
	HOL:2ABS1824	|	17
	HOL:2ABS1825	|	14
	HOL:2ABS1829	|	10
	HOL:2ABS1831	|	31
	HOL:2ABS1832	|	29
	HOL:2ABS1833	|	29
	HOL:2ABS1834	|	45
	HOL:2ABS1835	|	80
	HOL:2ABS1836	|	86
	HOL:2ABS1837	|	74
	HOL:2ABS1838	|	74
	HOL:2ABS1839	|	8
	HOL:2ABS1840	|	8
	HOL:2ABS1849	|	25
	HOL:2ABS1850	|	87
	HOL:2ABS1851	|	28
	HOL:2ABS1852	|	54
	HOL:2ABS1853	|	54
	HOL:2ABS1854	|	44
	HOL:2ABS1866	|	35
	HOL:2ABS1867	|	35
	HOL:2ABS1868	|	20
	HOL:2ABS1873	|	1
	HOL:2ABS1880	|	185
	HOL:2ABS1889	|	4
	HOL:2ABS1892	|	93
	HOL:2ABS1899	|	43
	HOL:2ABS1901	|	540
	HOL:2ABS1903	|	70
	HOL:2ABS1905	|	70
	HOL:2ABS1910	|	46
	HOL:2ABS1911	|	46
	HOL:2ABS1913	|	46
	HOL:2ABS1914	|	120
	HOL:2ABS1942	|	32
	HOL:2ABS1947	|	19
	HOL:2ABS1948	|	6
	HOL:2ABS1968	|	17
	HOL:2ABS1990	|	104
	HOL:2ABS1992	|	97
	HOL:2ABS1997	|	218
	HOL:2ABS1998	|	218
	HOL:2ABS1999	|	218
	HOL:2ABS2000	|	41
	HOL:2ABS2004	|	8
	HOL:2ABS2006	|	58
	HOL:2ABS2007	|	46
	HOL:2ABS2013	|	323
	HOL:2ABS2028	|	32
	HOL:2ABS2029	|	32
	HOL:2ABS2040	|	20
	HOL:2ABS2057	|	215
	HOL:2ABS2059	|	34
	HOL:2ABS2060	|	18
	HOL:2ABS2061	|	24
	HOL:2ABS2062	|	20
	HOL:2ABS2081	|	34
	HOL:2ABS2082	|	24
	HOL:2ABS2099	|	46
	HOL:2ABS2101	|	8
	HOL:2ABS2116	|	46
	HOL:2ABS2118	|	51
	HOL:2ABS2119	|	54
	HOL:2ABS2120	|	54
	HOL:2ABS2121	|	159
	HOL:2ABS2122	|	261
	HOL:2ABS2123	|	95
	HOL:2ABS2124	|	88
	HOL:2ABS2125	|	88
	HOL:2ABS2126	|	40
	HOL:2ABS2127	|	40
	HOL:2ABS2128	|	2
	HOL:2ABS2129	|	62
	HOL:2ABS2130	|	75
	HOL:2ABS2131	|	216
	HOL:2ABS2132	|	24
	HOL:2ABS2133	|	31
	HOL:2ABS2134	|	116
	HOL:2ABS2135	|	75
	HOL:2ABS2137	|	20
	HOL:2ABS2138	|	37
	HOL:2ABS2139	|	30
	HOL:2ABS2153	|	5
	HOL:2ABS2162	|	73
	HOL:2ABS2178	|	7
	HOL:2ABS2181	|	2
	HOL:2ABS2183	|	15
	HOL:2ABS2188	|	25
	HOL:2ABS2189	|	11
	HOL:2ABS2190	|	52
	HOL:2ABS2194	|	15
	HOL:2ABS2197	|	11
	HOL:2ABS2199	|	47
	HOL:2ABS2201	|	34
	HOL:2ABS2202	|	25
	HOL:2ABS2203	|	11
	HOL:2ABS2204	|	52
	HOL:2ABS2210	|	47
	HOL:2ABS2212	|	47
	HOL:2ABS2213	|	6
	HOL:2ABS2221	|	47
	HOL:2ABS2223	|	47
	HOL:2ABS2224	|	34
	HOL:2ABS2225	|	6
	HOL:2ABS2233	|	10
	HOL:2ABS2235	|	11
	HOL:2ABS2238	|	24
	HOL:2ABS2241	|	183
	HOL:2ABS2244	|	3
	HOL:2ABS2267	|	165
	HOL:2ABS2268	|	32
	HOL:2ABS2269	|	13
	HOL:2ABS2270	|	661
	HOL:2ABS2277	|	18
	HOL:2ABS2278	|	20
	HOL:2ABS2284	|	268
	HOL:2ABS2285	|	31
	HOL:2ABS2286	|	213
	HOL:2ABS2287	|	213
	HOL:2ABS2288	|	161
	HOL:2ABS2289	|	341
	HOL:2ABS2290	|	124
	HOL:2ABS2291	|	196
	HOL:2ABS2292	|	124
	HOL:2ABS2293	|	182
	HOL:2ABS2294	|	182
	HOL:2ABS2295	|	24
	HOL:2ABS2296	|	9
	HOL:2ABS2389	|	21
	HOL:2ABS2390	|	606
	HOL:2ABS2391	|	606
	HOL:2ABS2392	|	155
	HOL:2ABS2396	|	18
	HOL:2ABS2398	|	1304
	HOL:2ABS2399	|	16
	HOL:2ABS2403	|	260
	HOL:2ABS2404	|	222
	HOL:2ABS2406	|	8
	HOL:2ABS2407	|	15
	HOL:2ABS2409	|	34
	HOL:2ABS2410	|	8
	HOL:2ABS2411	|	17
	HOL:2ABS2412	|	26
	HOL:2ABS2413	|	13
	HOL:2ABS2415	|	28
	HOL:2ABS2416	|	32
	HOL:2ABS2418	|	8
	HOL:2ABS2419	|	17
	HOL:2ABS2420	|	41
	HOL:2ABS2421	|	32
	HOL:2ABS2424	|	20
	HOL:2ABS2425	|	15
	HOL:2ABS2429	|	20
	HOL:2ABS2432	|	42
	HOL:2ABS2434	|	262
	HOL:2ABS2437	|	147
	HOL:2ABS2439	|	147
	HOL:2ABS2440	|	51
	HOL:2ABS2441	|	51
	HOL:2ABS2444	|	28
	HOL:2ABS2445	|	28
	HOL:2ABS2446	|	71
	HOL:2ABS2447	|	36
	HOL:2ABS2449	|	36
	HOL:2ABS2451	|	16
	HOL:2ABS2454	|	16
	HOL:2ABS2455	|	84
	HOL:2ABS2457	|	84
	HOL:2ABS2458	|	11
	HOL:2ABS2460	|	55
	HOL:2ABS2463	|	93
	HOL:2ABS2464	|	35
	HOL:2ABS2468	|	12
	HOL:2ABS2469	|	12
	HOL:2ABS2470	|	71
	HOL:2ABS2471	|	71
	HOL:2ABS2472	|	61
	HOL:2ABS2474	|	266
	HOL:2ABS2475	|	218
	HOL:2ABS2476	|	275
	HOL:2ABS2478	|	98
	HOL:2ABS2479	|	116
	HOL:2ABS2480	|	20
	HOL:2ABS2481	|	24
	HOL:2ABS2482	|	24
	HOL:2ABS2483	|	14
	HOL:2ABS2484	|	19
	HOL:2ABS2485	|	62
	HOL:2ABS2486	|	133
	HOL:2ABS2487	|	116
	HOL:2ABS2488	|	8
	HOL:2ABS2489	|	9
	HOL:2ABS2492	|	26
	HOL:2ABS2497	|	26
	HOL:2ABS2498	|	92
	HOL:2ABS2500	|	41
	HOL:2ABS2504	|	56
	HOL:2ABS2505	|	42
	HOL:2ABS2506	|	92
	HOL:2ABS2507	|	329
	HOL:2ABS2508	|	12
	HOL:2ABS2517	|	47
	HOL:2ABS2520	|	6
	HOL:2ABS2522	|	34
	HOL:2ABS2525	|	232
	HOL:2ABS2526	|	77
	HOL:2ABS2527	|	280
	HOL:2ABS2528	|	77
	HOL:2ABS2529	|	221
	HOL:2ABS2530	|	280
	HOL:2ABS2531	|	280
	HOL:2ABS2532	|	77
	HOL:2ABS2535	|	121
	HOL:2ABS2540	|	109
	HOL:2ABS2541	|	32
	HOL:2ABS2542	|	79
	HOL:2ABS2546	|	61
	HOL:2ABS2547	|	61
	HOL:2ABS2548	|	17
	HOL:2ABS2549	|	17
	HOL:2ABS2550	|	20
	HOL:2ABS2551	|	20
	HOL:2ABS2552	|	20
	HOL:2ABS2559	|	232
	HOL:2ABS2560	|	19
	HOL:2ABS2561	|	19
	HOL:2ABS2562	|	27
	HOL:2ABS2563	|	21
	HOL:2ABS2564	|	53
	HOL:2ABS2567	|	21
	HOL:2ABS2568	|	62
	HOL:2ABS2569	|	31
	HOL:2ABS2570	|	38
	HOL:2ABS2571	|	9
	HOL:2ABS2572	|	111
	HOL:2ABS2573	|	96
	HOL:2ABS2574	|	96
	HOL:2ABS2575	|	96
	HOL:2ABS2576	|	96
	HOL:2ABS2577	|	11
	HOL:2ABS2578	|	57
	HOL:2ABS2580	|	9
	HOL:2ABS2583	|	61
	HOL:2ABS2584	|	46
	HOL:2ABS2585	|	46
	HOL:2ABS2587	|	31
	HOL:2ABS2590	|	328
	HOL:2ABS2591	|	61
	HOL:2ABS2592	|	328
	HOL:2ABS2593	|	344
	HOL:2ABS2594	|	344
	HOL:2ABS2597	|	503
	HOL:2ABS2598	|	194
	HOL:2ABS2599	|	309
	HOL:2ABS2600	|	12
	HOL:2ABS2601	|	59
	HOL:2ABS2605	|	325
	HOL:2ABS2606	|	36
	HOL:2ABS2608	|	22
	HOL:2ABS2609	|	32
	HOL:2ABS2611	|	32
	HOL:2ABS2612	|	215
	HOL:2ABS2613	|	79
	HOL:2ABS2614	|	215
	HOL:2ABS2615	|	292
	HOL:2ABS2616	|	145
	HOL:2ABS2618	|	40
	HOL:2ABS2620	|	26
	HOL:2ABS2622	|	21
	HOL:2ABS2623	|	60
	HOL:2ABS2624	|	19
	HOL:2ABS2625	|	120
	HOL:2ABS2626	|	120
	HOL:2ABS2627	|	40
	HOL:2ABS2628	|	8
	HOL:2ABS2629	|	47
	HOL:2ABS2632	|	74
	HOL:2ABS2634	|	30
	HOL:2ABS2635	|	30
	HOL:2ABS2640	|	45
	HOL:2ABS2641	|	58
	HOL:2ABS2642	|	58
	HOL:2ABS2643	|	41
	HOL:2ABS2646	|	14
	HOL:2ABS2647	|	30
	HOL:2ABS2648	|	41
	HOL:2ABS2649	|	14
	HOL:2ABS2650	|	51
	HOL:2ABS2651	|	61
	HOL:2ABS2652	|	30
	HOL:2ABS2654	|	14
	HOL:2ABS2655	|	14
	HOL:2ABS2656	|	47
	HOL:2ABS2657	|	13
	HOL:2ABS2658	|	13
	HOL:2ABS2659	|	184
	HOL:2ABS2660	|	97
	HOL:2ABS2661	|	97
	HOL:2ABS2663	|	262
	HOL:2ABS2664	|	262
	HOL:2ABS2665	|	68
	HOL:2ABS2666	|	34
	HOL:2ABS2667	|	127
	HOL:2ABS2668	|	68
	HOL:2ABS2669	|	135
	HOL:2ABS2671	|	36
	HOL:2ABS2672	|	27
	HOL:2ABS2673	|	12
	HOL:2ABS2674	|	196
	HOL:2ABS2675	|	16
	HOL:2ABS2676	|	70
	HOL:2ABS2678	|	725
	HOL:2ABS2679	|	2342
	HOL:2ABS2681	|	6
	HOL:2ABS2682	|	7
	HOL:2ABS2683	|	60
	HOL:2ABS2684	|	60
	HOL:2ABS2685	|	62
	HOL:2ABS2686	|	69
	HOL:2ABS2694	|	24
	HOL:2ABS2695	|	628
	HOL:2ABS2697	|	19
	HOL:2ABS2698	|	19
	HOL:2ABS2702	|	215
	HOL:2ABS2703	|	123
	HOL:2ABS2704	|	21
	HOL:2ABS2705	|	3
	HOL:2ABS2708	|	12
	HOL:2ABS2710	|	287
	HOL:2ABS2713	|	14
	HOL:2ABS2714	|	293
	HOL:2ABS2715	|	385
	HOL:2ABS2716	|	123
	HOL:2ABS2718	|	40
	HOL:2ABS2719	|	40
	HOL:2ABS2721	|	48
	HOL:2ABS2722	|	48
	HOL:2ABS2723	|	48
	HOL:2ABS2727	|	83
	HOL:2ABS2728	|	83
	HOL:2ABS2729	|	45
	HOL:2ABS2730	|	156
	HOL:2ABS2732	|	64
	HOL:2ABS2734	|	115
	HOL:2ABS2735	|	115
	HOL:2ABS2737	|	18
	HOL:2ABS2739	|	29
	HOL:2ABS2747	|	30
	HOL:2ABS2756	|	149
	HOL:2ABS2759	|	69
	HOL:2ABS2761	|	156
	HOL:2ABS2765	|	32
	HOL:2ABS2766	|	53
	HOL:2ABS2767	|	4
	HOL:2ABS2768	|	4
	HOL:2ABS2801	|	6
	HOL:2ABS2812	|	55
	HOL:2ABS2828	|	58
	HOL:2ABS2829	|	251
	HOL:2ABS2830	|	404
	HOL:2ABS2833	|	28
	HOL:2ABS2834	|	179
	HOL:2ABS2835	|	61
	HOL:2ABS2836	|	82
	HOL:2ABS2838	|	179
	HOL:2ABS2839	|	69
	HOL:2ABS2840	|	82
	HOL:2ABS2841	|	15
	HOL:2ABS2842	|	220
	HOL:2ABS2844	|	53
	HOL:2ABS2845	|	142
	HOL:2ABS2846	|	955
	HOL:2ABS2847	|	53
	HOL:2ABS2850	|	412
	HOL:2ABS2851	|	412
	HOL:2ABS2852	|	371
	HOL:2ABS2853	|	115
	HOL:2ABS2854	|	136
	HOL:2ABS2856	|	153
	HOL:2ABS2859	|	153
	HOL:2ABS2860	|	267
	HOL:2ABS2862	|	395
	HOL:2ABS2866	|	71
	HOL:2ABS2868	|	170
	HOL:2ABS2871	|	1475
	HOL:2ABS2873	|	30
	HOL:2ABS2874	|	8
	HOL:2ABS2875	|	56
	HOL:2ABS2880	|	114
	HOL:2ABS2881	|	114
	HOL:2ABS2886	|	51
	HOL:2ABS2890	|	51
	HOL:2ABS2891	|	6
	HOL:2ABS2894	|	22
	HOL:2ABS2896	|	30
	HOL:2ABS2898	|	955
	HOL:2ABS2901	|	31
	HOL:2ABS2903	|	134
	HOL:2ABS2906	|	57
	HOL:2ABS2909	|	72
	HOL:2ABS2910	|	132
	HOL:2ABS2911	|	132
	HOL:2ABS2913	|	275
	HOL:2ABS2918	|	267
	HOL:2ABS2920	|	273
	HOL:2ABS2921	|	72
	HOL:2ABS2922	|	276
	HOL:2ABS2925	|	150
	HOL:2ABS2926	|	41
	HOL:2ABS2930	|	86
	HOL:2ABS2935	|	43
	HOL:2ABS2956	|	58
	HOL:2ABS2962	|	117
	HOL:2ABS2964	|	117
	HOL:2ABS2968	|	32
	HOL:2ABS2969	|	32
	HOL:2ABS2981	|	36
	HOL:2ABS2982	|	36
	HOL:2ABS2989	|	45
	HOL:2ABS2992	|	113
	HOL:2ABS2995	|	62
	HOL:2ABS2996	|	134
	HOL:2ABS2997	|	70
	HOL:2ABS2998	|	70
	HOL:2ABS3007	|	26
	HOL:2ABS3008	|	25
	HOL:2ABS3009	|	51
	HOL:2ABS3013	|	58
	HOL:2ABS3015	|	62
	HOL:2ABS3024	|	102
	HOL:2ABS3048	|	55
	HOL:2ABS3059	|	35
	HOL:2ABS3063	|	14
	HOL:2ABS3100	|	44
	HOL:2ABS3105	|	1270
	HOL:2ABS3111	|	332
	HOL:2ABS3114	|	246
	HOL:2ABS3117	|	17
	HOL:2ABS3119	|	7
	HOL:2ABS3120	|	16
	HOL:2ABS3128	|	48
	HOL:2ABS3130	|	100
	HOL:2ABS3145	|	2
	HOL:2ABS3146	|	2
	HOL:2ABS3148	|	28
	HOL:2ABS3150	|	35
	HOL:2ABS3151	|	496
	HOL:2ABS3153	|	30
	HOL:2ABS3154	|	44
	HOL:2ABS3157	|	61
	HOL:2ABS3158	|	61
	HOL:2ABS3159	|	74
	HOL:2ABS3160	|	74
	HOL:2ABS3164	|	28
	HOL:2ABS3165	|	28
	HOL:2ABS3176	|	300
	HOL:2ABS3177	|	473
	HOL:2ABS3178	|	503
	HOL:2ABS3184	|	32
	HOL:2ABS3185	|	44
	HOL:2ABS3186	|	22
	HOL:2ABS3187	|	51
	HOL:2ABS3188	|	50
	HOL:2ABS3197	|	25
	HOL:2ABS3199	|	119
	HOL:2ABS3200	|	119
	HOL:2ABS3201	|	36
	HOL:2ABS3203	|	148
	HOL:2ABS3204	|	51
	HOL:2ABS3205	|	51
	HOL:2ABS3206	|	18
	HOL:2ABS3216	|	32
	HOL:2ABS3228	|	44
	HOL:2ABS3230	|	17
	HOL:2ABS3231	|	17
	HOL:2ABS3232	|	32
	HOL:2ABS3233	|	32
	HOL:2ABS3252	|	78
	HOL:2ABS3255	|	201
	HOL:2ABS3256	|	10
	HOL:2ABS3257	|	10
	HOL:2ABS3269	|	101
	HOL:2ABS3275	|	65
	HOL:2ABS3282	|	68
	HOL:2ABS3283	|	29
	HOL:2ABS3295	|	12
	HOL:2ABS3297	|	302
	HOL:2ABS3298	|	594
	HOL:2ABS3299	|	593
	HOL:2ABS3300	|	593
	HOL:2ABS3301	|	267
	HOL:2ABS3302	|	267
	HOL:2ABS3303	|	192
	HOL:2ABS3311	|	640
	HOL:2ABS3323	|	297
	HOL:2ABS3334	|	57
	HOL:2ABS3345	|	102
	HOL:2ABS3368	|	61
	HOL:2ABS3371	|	84
	HOL:2ABS3373	|	15
	HOL:2ABS3388	|	308
	HOL:2ABS3443	|	22
	HOL:2ABS3444	|	9
	HOL:2ABS3474	|	16
	HOL:2ABS3475	|	15
	HOL:2ABS3481	|	31
	HOL:2ABS3498	|	4
	HOL:2ABS3501	|	54
	HOL:2ABS3503	|	10
	HOL:2ABS3504	|	4
	HOL:2ABS3508	|	54
	HOL:2ABS3510	|	10
	HOL:2ABS3512	|	5
	HOL:2ABS3519	|	1
	HOL:2ABS3523	|	8
	HOL:2ABS3546	|	14
	HOL:2ABS3555	|	24
	HOL:2ABS3568	|	53
	HOL:2ABS3569	|	53
	HOL:2ABS3618	|	8
	HOL:2ABS3622	|	8
	HOL:2ABS3637	|	13
	HOL:2ABS3644	|	48
	HOL:2ABS3645	|	48
	HOL:2ABS3652	|	9
	HOL:2ABS3653	|	33
	HOL:2ABS3677	|	34
	HOL:2ABS3678	|	28
	HOL:2ABS3679	|	2
	HOL:2ABS3701	|	5
	HOL:2ABS3702	|	15
	HOL:2ABS3703	|	20
	HOL:2ABS3745	|	59
	HOL:2ABS3751	|	13
	HOL:2ABS3752	|	13
	HOL:2ABS3981	|	4893
	HOL:2ABS4025	|	6
	HOL:2ABS4036	|	86
	HOL:2ABS4041	|	8
	HOL:2ABS4043	|	27
	HOL:2ABS4056	|	31
	HOL:2ABS4058	|	70
	HOL:2ABS4059	|	59
	HOL:2ABS4066	|	208
	HOL:2ABS4072	|	2
	HOL:2ABS4073	|	2
	HOL:2ABS4122	|	146
	HOL:2ABS4170	|	49
	HOL:2ABS4171	|	49
	HOL:2ABS4183	|	8
	HOL:2ABS4222	|	131
	HOL:2ABS4223	|	107
	HOL:2ABS4299	|	19
	HOL:2ABS4310	|	27
	HOL:2ABS4427	|	16
	HOL:2ABS4428	|	16
	HOL:2ABS4850	|	10
	HOL:2ABS4851	|	10
	HOL:2ACT0138	|	4591
	HOL:2BLS0002	|	1281
	HOL:2BLS0011	|	758
	HOL:2BLS0013	|	683
	HOL:2BLS0014	|	228
	HOL:2BLS0015	|	1729
	HOL:2BLS0019	|	526
	HOL:2BLS0020	|	434
	HOL:2BLS0021	|	164
	HOL:2BLS0022	|	53
	HOL:2BLS0023	|	13
	HOL:2BLS0025	|	6200
	HOL:2BMR0001	|	45
	HOL:2BMR0002	|	13
	HOL:2BMR0003	|	41
	HOL:2BMR0004	|	458
	HOL:2BMR0005	|	58
	HOL:2BMR0006	|	76
	HOL:2BMR0007	|	107
	HOL:2BMR0008	|	180
	HOL:2BMR0009	|	86
	HOL:2BMR0011	|	24
	HOL:2BMR0012	|	175
	HOL:2BMR0013	|	21
	HOL:2BMR0014	|	83
	HOL:2BMR0015	|	171
	HOL:2BMR0017	|	11
	HOL:2BMR0018	|	368
	HOL:2BMR0019	|	1205
	HOL:2BMR0022	|	120
	HOL:2BMR0023	|	74
	HOL:2BMR0024	|	129
	HOL:2BMR0025	|	242
	HOL:2BMR0026	|	36
	HOL:2BMR0027	|	5267
	HOL:2BMR0028	|	243
	HOL:2BMR0029	|	932
	HOL:2BMR0030	|	25
	HOL:2BMR0031	|	16
	HOL:2BMR0032	|	229
	HOL:2BMR0033	|	24
	HOL:2BMR0034	|	212
	HOL:2BMR0035	|	162
	HOL:2BMR0036	|	27
	HOL:2BMR0037	|	529
	HOL:2BMR0038	|	155
	HOL:2BMR0039	|	266
	HOL:2BMR0040	|	1195
	HOL:2BMR0041	|	63
	HOL:2BMR0042	|	585
	HOL:2BMR0043	|	101
	HOL:2BMR0044	|	28
	HOL:2BMR0045	|	239
	HOL:2BMR0046	|	52
	HOL:2BMR0047	|	186
	HOL:2BMR0059	|	6
	HOL:2BMR0060	|	31
	HOL:2BMR0067	|	65
	HOL:2BMR0069	|	82
	HOL:2BMR0072	|	184
	HOL:2BMR0073	|	131
	HOL:2BMR0077	|	3162
	HOL:2BMR0078	|	786
	HOL:2BMR0085	|	1530
	HOL:2BMR0087	|	3156
	HOL:2BMR0088	|	23
	HOL:2BMR0092	|	25
	HOL:2BMR0097	|	252
	HOL:2BMR0098	|	2005
	HOL:2BMR0099	|	109
	HOL:2BMR0103	|	32
	HOL:2BMR0111	|	325
	HOL:2BMR0130	|	11
	HOL:2BMR0145	|	187
	HOL:2BMR0147	|	126
	HOL:2BMR0154	|	6
	HOL:2BMR0160	|	62
	HOL:2BMR0172	|	202
	HOL:2BMR0176	|	118
	HOL:2BMR0177	|	118
	HOL:2BMR0179	|	33
	HOL:2BMR0180	|	35
	HOL:2BMR0181	|	20
	HOL:2BMR0185	|	37
	HOL:2BMR0187	|	90
	HOL:2BMR0188	|	13
	HOL:2BMR0189	|	13
	HOL:2BMR0191	|	32
	HOL:2BMR0193	|	128
	HOL:2BMR0194	|	331
	HOL:2BMR0196	|	5
	HOL:2BMR0197	|	73
	HOL:2BMR0198	|	71
	HOL:2BMR0199	|	2
	HOL:2BMR0201	|	306
	HOL:2BMR0202	|	227
	HOL:2BMR0203	|	71
	HOL:2BMR0205	|	84
	HOL:2BMR0206	|	143
	HOL:2BMR0209	|	8
	HOL:2BMR0210	|	111
	HOL:2BMR0212	|	37
	HOL:2BMR0218	|	10
	HOL:2BMR0221	|	4
	HOL:2BMR0233	|	11
	HOL:2BMR0234	|	88
	HOL:2BMR0243	|	1097
	HOL:2BMR0246	|	1931
	HOL:2BMR0248	|	330
	HOL:2BMR0249	|	183
	HOL:2BMR0251	|	464
	HOL:2BMR0265	|	407
	HOL:2BMR0269	|	240
	HOL:2BMR0274	|	360
	HOL:2BMR0275	|	271
	HOL:2BMR0278	|	402
	HOL:2BMR0281	|	69
	HOL:2BMR0283	|	57
	HOL:2BMR0284	|	4211
	HOL:2BMR0286	|	35
	HOL:2BMR0287	|	95
	HOL:2BMR0292	|	294
	HOL:2BMR0293	|	1284
	HOL:2BMR0294	|	1193
	HOL:2BMR0297	|	93
	HOL:2BMR0298	|	162
	HOL:2BMR0300	|	71
	HOL:2BMR0301	|	67
	HOL:2BMR0302	|	65
	HOL:2BMR0306	|	43
	HOL:2BMR0307	|	229
	HOL:2BMR0308	|	56
	HOL:2BMR0320	|	314
	HOL:2BMR0325	|	89
	HOL:2BMR0326	|	89
	HOL:2BMR0328	|	275
	HOL:2BMR0333	|	36
	HOL:2BMR0339	|	5
	HOL:2BMR0340	|	44
	HOL:2BMR0341	|	42
	HOL:2BMR0342	|	375
	HOL:2BMR0343	|	369
	HOL:2BMR0348	|	79
	HOL:2BMR0355	|	666
	HOL:2BMR0358	|	2262
	HOL:2BMR0362	|	128
	HOL:2BMR0363	|	40
	HOL:2BMR0364	|	156
	HOL:2BMR0366	|	32
	HOL:2BMR0367	|	24
	HOL:2BMR0374	|	18
	HOL:2BMR0378	|	129
	HOL:2BMR0382	|	11
	HOL:2BMR0389	|	270
	HOL:2BMR0401	|	31
	HOL:2BMR0403	|	31
	HOL:2BMR0406	|	63
	HOL:2BMR0412	|	8
	HOL:2BMR0424	|	49
	HOL:2BMR0425	|	12
	HOL:2BMR0426	|	10
	HOL:2BMR0428	|	59
	HOL:2BMR0429	|	18
	HOL:2BMR0430	|	39
	HOL:2BMR0431	|	9
	HOL:2BMR0432	|	10
	HOL:2BMR0433	|	68
	HOL:2BMR0435	|	10
	HOL:2BMR0436	|	119
	HOL:2BMR0439	|	131
	HOL:2BMR0440	|	7
	HOL:2BMR0441	|	81
	HOL:2BMR0453	|	203
	HOL:2BMR0461	|	30
	HOL:2BMR0463	|	13
	HOL:2BMR0466	|	9
	HOL:2BMR0471	|	29
	HOL:2BMR0472	|	68
	HOL:2BMR0474	|	123
	HOL:2BMR0476	|	419
	HOL:2BMR0479	|	30
	HOL:2BMR0483	|	107
	HOL:2BMR0486	|	24
	HOL:2BMR0488	|	6
	HOL:2BMR0493	|	31
	HOL:2BMR0496	|	296
	HOL:2BMR0497	|	33
	HOL:2BMR0502	|	41
	HOL:2BMR0514	|	152
	HOL:2BMR0519	|	107
	HOL:2BMR0520	|	26
	HOL:2BMR0536	|	172
	HOL:2BMR0538	|	30
	HOL:2BMR0539	|	157
	HOL:2BMR0542	|	350
	HOL:2BMR0547	|	49
	HOL:2BMR0553	|	32
	HOL:2BMR0554	|	60
	HOL:2BMR0560	|	65
	HOL:2BMR0562	|	44
	HOL:2BMR0563	|	80
	HOL:2BMR0566	|	25
	HOL:2BMR0569	|	4
	HOL:2BMR0571	|	124
	HOL:2BMR0575	|	143
	HOL:2BMR0578	|	12
	HOL:2BMR0583	|	28
	HOL:2BMR0585	|	275
	HOL:2BMR0588	|	1014
	HOL:2BMR0590	|	255
	HOL:2BMR0593	|	69
	HOL:2BMR0594	|	13
	HOL:2BMR0596	|	770
	HOL:2BMR0597	|	31
	HOL:2BMR0603	|	44
	HOL:2BMR0604	|	237
	HOL:2BMR0606	|	31
	HOL:2BMR0612	|	482
	HOL:2BMR0613	|	105
	HOL:2BMR0614	|	138
	HOL:2BMR0625	|	49
	HOL:2BMR0626	|	23
	HOL:2BMR0630	|	870
	HOL:2BMR0633	|	214
	HOL:2BMR0635	|	88
	HOL:2BMR0636	|	165
	HOL:2BMR0637	|	630
	HOL:2BMR0640	|	25
	HOL:2BMR0643	|	19
	HOL:2BMR0645	|	22
	HOL:2BMR0647	|	18
	HOL:2BMR0649	|	30
	HOL:2BMR0652	|	20
	HOL:2BMR0655	|	20
	HOL:2BMR0672	|	59
	HOL:2BMR0673	|	99
	HOL:2BMR0678	|	53
	HOL:2BMR0679	|	417
	HOL:2BMR0680	|	41
	HOL:2BMR0683	|	122
	HOL:2BMR0685	|	66
	HOL:2BMR0693	|	63
	HOL:2BMR0697	|	62
	HOL:2BMR0706	|	46
	HOL:2BMR0708	|	45
	HOL:2BMR0709	|	3464
	HOL:2BMR1001	|	430
	HOL:2BMR1002	|	831
	HOL:2BMR1003	|	44
	HOL:2BMR1005	|	159
	HOL:2BMR1009	|	330
	HOL:2BMR1011	|	40
	HOL:2BMR1012	|	98
	HOL:2BMR1014	|	382
	HOL:2BWS0001	|	72
	HOL:2BWS0002	|	178
	HOL:2BWS0003	|	71
	HOL:2BWS0004	|	8
	HOL:2BWS0005	|	17
	HOL:2BWS0006	|	8
	HOL:2BWS0007	|	203
	HOL:2BWS0008	|	16
	HOL:2BWS0015	|	130
	HOL:2BWS0016	|	101
	HOL:2BWS0017	|	216
	HOL:2BWS0018	|	2
	HOL:2BWS0019	|	177
	HOL:2BWS0020	|	71
	HOL:2BWS0021	|	4
	HOL:2BWS0022	|	429
	HOL:2BWS0023	|	37
	HOL:2BWS0024	|	17
	HOL:2BWS0025	|	16
	HOL:2BWS0026	|	210
	HOL:2BWS0027	|	10
	HOL:2BWS0028	|	67
	HOL:2BWS0030	|	134
	HOL:2BWS0031	|	132
	HOL:2BWS0036	|	11
	HOL:2BWS0041	|	5
	HOL:2BWS0042	|	19
	HOL:2BWS0043	|	6
	HOL:2BWS0044	|	6
	HOL:2BWS0045	|	26
	HOL:2BWS0046	|	24
	HOL:2BWS0047	|	35
	HOL:2BWS0048	|	29
	HOL:2BWS0049	|	10
	HOL:2BWS0050	|	32
	HOL:2BWS0051	|	20
	HOL:2BWS0052	|	28
	HOL:2BWS0053	|	24
	HOL:2BWS0054	|	12
	HOL:2BWS0055	|	35
	HOL:2BWS0056	|	44
	HOL:2BWS0057	|	10
	HOL:2BWS0058	|	28
	HOL:2BWS0061	|	27
	HOL:2BWS0063	|	1
	HOL:2BWS0065	|	1
	HOL:2BWS0066	|	5
	HOL:2BWS0067	|	30
	HOL:2BWS0068	|	8
	HOL:2BWS0069	|	46
	HOL:2BWS0070	|	79
	HOL:2BWS0071	|	13
	HOL:2BWS0072	|	8
	HOL:2BWS0073	|	5
	HOL:2BWS0074	|	5
	HOL:2BWS0076	|	19
	HOL:2BWS0077	|	7
	HOL:2BWS0078	|	7
	HOL:2BWS0079	|	40
	HOL:2BWS0080	|	2
	HOL:2BWS0082	|	3
	HOL:2BWS0083	|	13
	HOL:2BWS0084	|	20
	HOL:2BWS0085	|	1
	HOL:2BWS0086	|	33
	HOL:2BWS0088	|	30
	HOL:2BWS0090	|	5
	HOL:2BWS0091	|	16
	HOL:2BWS0093	|	35
	HOL:2BWS0094	|	23
	HOL:2BWS0095	|	1
	HOL:2BWS0096	|	43
	HOL:2BWS0097	|	10
	HOL:2BWS0098	|	51
	HOL:2BWS0099	|	125
	HOL:2BWS0101	|	10
	HOL:2BWS0103	|	19
	HOL:2BWS0104	|	46
	HOL:2BWS0105	|	71
	HOL:2BWS0106	|	19
	HOL:2BWS0110	|	3
	HOL:2BWS0111	|	3
	HOL:2BWS0112	|	6
	HOL:2BWS0113	|	6
	HOL:2BWS0115	|	29
	HOL:2BWS0116	|	8
	HOL:2BWS0117	|	52
	HOL:2BWS0120	|	22
	HOL:2BWS0121	|	34
	HOL:2BWS0122	|	34
	HOL:2BWS0123	|	46
	HOL:2BWS0124	|	8
	HOL:2BWS0126	|	4
	HOL:2BWS0128	|	37
	HOL:2BWS0129	|	28
	HOL:2BWS0130	|	3
	HOL:2BWS0131	|	12
	HOL:2BWS0132	|	5
	HOL:2BWS0133	|	36
	HOL:2BWS0134	|	36
	HOL:2BWS0135	|	33
	HOL:2BWS0136	|	5
	HOL:2BWS0137	|	9
	HOL:2BWS0138	|	61
	HOL:2BWS0139	|	5
	HOL:2BWS0141	|	5
	HOL:2BWS0143	|	27
	HOL:2BWS0144	|	32
	HOL:2BWS0145	|	4
	HOL:2BWS0146	|	17
	HOL:2BWS0147	|	89
	HOL:2BWS0148	|	89
	HOL:2BWS0149	|	72
	HOL:2BWS0150	|	12
	HOL:2BWS0151	|	62
	HOL:2BWS0153	|	15
	HOL:2BWS0154	|	15
	HOL:2BWS0155	|	20
	HOL:2BWS0156	|	17
	HOL:2BWS0157	|	172
	HOL:2BWS0158	|	173
	HOL:2BWS0160	|	19
	HOL:2BWS0161	|	133
	HOL:2BWS0162	|	1
	HOL:2BWS0163	|	41
	HOL:2BWS0164	|	36
	HOL:2BWS0165	|	18
	HOL:2BWS0166	|	344
	HOL:2BWS0167	|	137
	HOL:2BWS0169	|	28
	HOL:2BWS0170	|	95
	HOL:2BWS0171	|	77
	HOL:2BWS0172	|	256
	HOL:2BWS0173	|	108
	HOL:2BWS0174	|	11
	HOL:2BWS0175	|	89
	HOL:2BWS0176	|	10
	HOL:2BWS0177	|	853
	HOL:2BWS0178	|	93
	HOL:2BWS0179	|	78
	HOL:2BWS0180	|	40
	HOL:2BWS0183	|	37
	HOL:2BWS0184	|	12
	HOL:2BWS0185	|	14
	HOL:2BWS0186	|	29
	HOL:2BWS0187	|	14
	HOL:2BWS0188	|	3
	HOL:2BWS0189	|	4
	HOL:2BWS0190	|	27
	HOL:2BWS0191	|	21
	HOL:2BWS0193	|	23
	HOL:2BWS0194	|	13
	HOL:2BWS0195	|	15
	HOL:2BWS0196	|	72
	HOL:2BWS0197	|	90
	HOL:2BWS0198	|	223
	HOL:2BWS0199	|	33
	HOL:2BWS0200	|	43
	HOL:2BWS0201	|	22
	HOL:2BWS0202	|	33
	HOL:2BWS0203	|	4
	HOL:2BWS0209	|	3
	HOL:2BWS0210	|	14
	HOL:2BWS0211	|	18
	HOL:2BWS0212	|	17
	HOL:2BWS0213	|	95
	HOL:2BWS0214	|	31
	HOL:2BWS0215	|	87
	HOL:2BWS0216	|	182
	HOL:2BWS0217	|	212
	HOL:2BWS0219	|	22
	HOL:2BWS0220	|	130
	HOL:2BWS0221	|	43
	HOL:2BWS0222	|	114
	HOL:2BWS0223	|	220
	HOL:2BWS0224	|	310
	HOL:2BWS0225	|	6
	HOL:2BWS0226	|	310
	HOL:2BWS0227	|	6
	HOL:2BWS0228	|	28
	HOL:2BWS0230	|	36
	HOL:2BWS0231	|	247
	HOL:2BWS0233	|	125
	HOL:2BWS0234	|	226
	HOL:2BWS0235	|	20
	HOL:2BWS0238	|	30
	HOL:2BWS0240	|	1
	HOL:2BWS0242	|	10
	HOL:2BWS0243	|	135
	HOL:2BWS0244	|	108
	HOL:2BWS0245	|	9
	HOL:2BWS0247	|	29
	HOL:2BWS0248	|	70
	HOL:2BWS0249	|	70
	HOL:2BWS0250	|	45
	HOL:2BWS0251	|	7
	HOL:2BWS0252	|	21
	HOL:2BWS0253	|	18
	HOL:2BWS0254	|	28
	HOL:2BWS0255	|	13
	HOL:2BWS0256	|	29
	HOL:2BWS0258	|	10
	HOL:2BWS0259	|	14
	HOL:2BWS0260	|	1
	HOL:2BWS0261	|	8
	HOL:2BWS0262	|	8
	HOL:2BWS0264	|	59
	HOL:2BWS0265	|	148
	HOL:2BWS0266	|	261
	HOL:2BWS0267	|	26
	HOL:2BWS0268	|	73
	HOL:2BWS0269	|	59
	HOL:2BWS0270	|	56
	HOL:2BWS0271	|	2
	HOL:2BWS0272	|	41
	HOL:2BWS0273	|	71
	HOL:2BWS0274	|	52
	HOL:2BWS0275	|	41
	HOL:2BWS0276	|	176
	HOL:2BWS0277	|	194
	HOL:2BWS0295	|	76
	HOL:2BWS0299	|	6
	HOL:2BWS0301	|	167
	HOL:2BWS0302	|	167
	HOL:2BWS0303	|	16
	HOL:2BWS0304	|	18
	HOL:2BWS0305	|	23
	HOL:2BWS0306	|	27
	HOL:2BWS0307	|	37
	HOL:2BWS0308	|	77
	HOL:2BWS0309	|	144
	HOL:2BWS0310	|	94
	HOL:2BWS0348	|	87
	HOL:2BWS0352	|	5
	HOL:2BWS0353	|	10
	HOL:2BWS0356	|	4
	HOL:2BWS0357	|	9
	HOL:2BWS0358	|	4
	HOL:2BWS0372	|	41
	HOL:2BWS0373	|	41
	HOL:2BWS0379	|	33
	HOL:2BWS0380	|	33
	HOL:2BWS0381	|	70
	HOL:2BWS0382	|	70
	HOL:2BWS0385	|	7
	HOL:2BWS0387	|	85
	HOL:2BWS0390	|	37
	HOL:2BWS0391	|	37
	HOL:2BWS0392	|	8
	HOL:2BWS0393	|	2
	HOL:2BWS0395	|	2
	HOL:2BWS0396	|	4
	HOL:2BWS0397	|	8
	HOL:2BWS0398	|	6
	HOL:2BWS0408	|	6
	HOL:2BWS0409	|	6
	HOL:2BWS0411	|	37
	HOL:2BWS0412	|	3
	HOL:2BWS0413	|	3
	HOL:2BWS0414	|	5
	HOL:2BWS0415	|	5
	HOL:2BWS0416	|	80
	HOL:2BWS0417	|	3
	HOL:2BWS0418	|	12
	HOL:2BWS0419	|	78
	HOL:2BWS0420	|	9
	HOL:2BWS0421	|	9
	HOL:2BWS0424	|	15
	HOL:2BWS0426	|	10
	HOL:2BWS0428	|	26
	HOL:2BWS0432	|	38
	HOL:2BWS0433	|	6
	HOL:2BWS0434	|	6
	HOL:2BWS0435	|	3
	HOL:2BWS0436	|	3
	HOL:2BWS0439	|	11
	HOL:2BWS0440	|	71
	HOL:2BWS0441	|	6
	HOL:2BWS0443	|	9
	HOL:2BWS0444	|	13
	HOL:2CAM0001	|	182
	HOL:2CAM0003	|	165
	HOL:2CAM0004	|	589
	HOL:2CAM0005	|	63
	HOL:2CAM0007	|	214
	HOL:2CAM0010	|	41
	HOL:2CAM0011	|	46
	HOL:2CAM0012	|	20
	HOL:2CAM0013	|	38
	HOL:2CAM0017	|	25
	HOL:2CAM0018	|	9
	HOL:2CAM0019	|	32
	HOL:2CAM0021	|	135
	HOL:2CAM0022	|	39
	HOL:2CAM0024	|	214
	HOL:2CAM0026	|	230
	HOL:2CAM0027	|	454
	HOL:2CAM0028	|	435
	HOL:2CAM0029	|	494
	HOL:2CAM0030	|	65
	HOL:2CAM0031	|	557
	HOL:2CAM0032	|	1030
	HOL:2CAM0034	|	7
	HOL:2CAM0035	|	12
	HOL:2CAM0036	|	517
	HOL:2CAM0037	|	113
	HOL:2CAM0038	|	265
	HOL:2CAM0039	|	346
	HOL:2CAM0041	|	206
	HOL:2CAM0042	|	5
	HOL:2CAM0045	|	34
	HOL:2CAM0047	|	731
	HOL:2CAM0049	|	125
	HOL:2CAM0052	|	18
	HOL:2CAM0056	|	330
	HOL:2CAM0057	|	1912
	HOL:2CAM0059	|	252
	HOL:2CAM0066	|	16
	HOL:2CAM0068	|	16
	HOL:2CAM0072	|	24
	HOL:2CAM0073	|	14
	HOL:2CAM0074	|	162
	HOL:2CAM0081	|	88
	HOL:2CAM0083	|	1097
	HOL:2CAM0084	|	145
	HOL:2CAM0085	|	40
	HOL:2CAM0086	|	848
	HOL:2CAM0087	|	801
	HOL:2CAM0094	|	1233
	HOL:2CAM0097	|	97
	HOL:2CAM0098	|	133
	HOL:2CAM0099	|	642
	HOL:2CAM0103	|	32
	HOL:2CAM0107	|	400
	HOL:2CAM0111	|	84
	HOL:2CAM0115	|	93
	HOL:2CAM0118	|	37
	HOL:2CAM0121	|	362
	HOL:2CAM0125	|	22
	HOL:2CAM0127	|	317
	HOL:2CAM0129	|	67
	HOL:2CAM0131	|	84
	HOL:2CAM0133	|	196
	HOL:2CAM0134	|	794
	HOL:2CAM0135	|	1274
	HOL:2CAM0136	|	363
	HOL:2CAM0138	|	174
	HOL:2CAM0140	|	78
	HOL:2CAM0141	|	40
	HOL:2CAM0142	|	5
	HOL:2CAM0144	|	96
	HOL:2CAM0145	|	22
	HOL:2CAM0147	|	197
	HOL:2CAM0148	|	77
	HOL:2CAM0150	|	26
	HOL:2CAM0152	|	21
	HOL:2CAM0153	|	94
	HOL:2CAM0154	|	796
	HOL:2CAM0155	|	17
	HOL:2CAM0156	|	8
	HOL:2CAM0158	|	12
	HOL:2CAM0159	|	4
	HOL:2CAM0160	|	1
	HOL:2CAM0161	|	19
	HOL:2CAM0162	|	177
	HOL:2CAM0163	|	58
	HOL:2CAM0164	|	37
	HOL:2CAM0165	|	160
	HOL:2CAM0166	|	590
	HOL:2CAM0168	|	5
	HOL:2CAM0169	|	1
	HOL:2CAM0171	|	6
	HOL:2CAM0173	|	49
	HOL:2CAM0174	|	62
	HOL:2CAM0176	|	17
	HOL:2CAM0177	|	206
	HOL:2CAM0178	|	54
	HOL:2CAM0181	|	5689
	HOL:2CAM0182	|	62
	HOL:2CAM0183	|	376
	HOL:2CAM0184	|	986
	HOL:2CAM0185	|	125
	HOL:2CAM0186	|	247
	HOL:2CAM0189	|	558
	HOL:2CAM0190	|	73
	HOL:2CAM0191	|	228
	HOL:2CAM0192	|	525
	HOL:2CAM0193	|	85
	HOL:2CAM0194	|	57
	HOL:2CAM0196	|	6
	HOL:2CAM0198	|	148
	HOL:2CAM0200	|	58
	HOL:2CAM0201	|	1743
	HOL:2CAM0202	|	67
	HOL:2CAM0204	|	962
	HOL:2CAM0205	|	427
	HOL:2CAM0207	|	322
	HOL:2CAM0208	|	13
	HOL:2CAM0209	|	20
	HOL:2CAM0210	|	3
	HOL:2CAM0214	|	42
	HOL:2CAM0215	|	235
	HOL:2CAM0216	|	47
	HOL:2CAM0217	|	46
	HOL:2CAM0218	|	20
	HOL:2CAM0219	|	142
	HOL:2CAM0221	|	87
	HOL:2CAM0222	|	93
	HOL:2CAM0229	|	25
	HOL:2CAM0230	|	8
	HOL:2CAM0233	|	4
	HOL:2CAM0236	|	80
	HOL:2CAM0238	|	7
	HOL:2CAM0239	|	7
	HOL:2CAM0240	|	38
	HOL:2CAM0241	|	18
	HOL:2CAM0242	|	67
	HOL:2CAM0243	|	50
	HOL:2CAM0245	|	10
	HOL:2CAM0247	|	121
	HOL:2CAM0248	|	21
	HOL:2CAM0253	|	91
	HOL:2CAM0255	|	336
	HOL:2CAM0257	|	9
	HOL:2CAM0258	|	12
	HOL:2CAM0260	|	4
	HOL:2CAM0263	|	78
	HOL:2CAM0264	|	43
	HOL:2CAM0265	|	53
	HOL:2CAM0266	|	40
	HOL:2CAM0269	|	16
	HOL:2CAM0270	|	2
	HOL:2CAM0271	|	37
	HOL:2CAM0272	|	11
	HOL:2CAM0274	|	54
	HOL:2CAM0275	|	89
	HOL:2CAM0276	|	32
	HOL:2CAM0277	|	154
	HOL:2CAM0278	|	124
	HOL:2CAM0279	|	49
	HOL:2CAM0280	|	48
	HOL:2CAM0281	|	10
	HOL:2CAM0282	|	10
	HOL:2CAM0284	|	174
	HOL:2CAM0285	|	21
	HOL:2CAM0286	|	99
	HOL:2CAM0288	|	39
	HOL:2CAM0289	|	16
	HOL:2CAM0290	|	328
	HOL:2CAM0291	|	1100
	HOL:2CAM0293	|	42
	HOL:2CAM0294	|	21
	HOL:2CAM0296	|	362
	HOL:2CAM0297	|	22
	HOL:2CAM0298	|	190
	HOL:2CAM0299	|	259
	HOL:2CAM0300	|	352
	HOL:2CAM0301	|	218
	HOL:2CAM0303	|	1075
	HOL:2CAM0304	|	39
	HOL:2CAM0305	|	450
	HOL:2CAM0306	|	4926
	HOL:2CAM0307	|	802
	HOL:2CAM0308	|	672
	HOL:2CAM0309	|	10
	HOL:2CAM0311	|	248
	HOL:2CAM0312	|	78
	HOL:2CAM0315	|	6
	HOL:2CAM0316	|	153
	HOL:2CAM0317	|	153
	HOL:2CAM0318	|	196
	HOL:2CAM0324	|	33
	HOL:2CAM0325	|	194
	HOL:2CAM0326	|	22
	HOL:2CAM0327	|	392
	HOL:2CAM0328	|	14
	HOL:2CAM0331	|	3
	HOL:2CAM0332	|	13
	HOL:2CAM0333	|	17
	HOL:2CAM0334	|	250
	HOL:2CAM0335	|	229
	HOL:2CAM0336	|	54
	HOL:2CAM0337	|	6
	HOL:2CAM0338	|	202
	HOL:2CAM0340	|	60
	HOL:2CAM0341	|	459
	HOL:2CAM0349	|	189
	HOL:2CAM0352	|	76
	HOL:2CAM0353	|	6
	HOL:2CAM0354	|	178
	HOL:2CAM0355	|	192
	HOL:2CAM0356	|	126
	HOL:2CAM0357	|	271
	HOL:2CAM0359	|	28
	HOL:2CAM0360	|	115
	HOL:2CAM0361	|	18
	HOL:2CAM0362	|	210
	HOL:2CAM0363	|	67
	HOL:2CAM0365	|	39
	HOL:2CAM0366	|	49
	HOL:2CAM0368	|	578
	HOL:2CAM0370	|	84
	HOL:2CAM0371	|	1045
	HOL:2CAM0372	|	56
	HOL:2CAM0378	|	160
	HOL:2CAM0379	|	13
	HOL:2CAM0380	|	48
	HOL:2CAM0383	|	40
	HOL:2CAM0384	|	361
	HOL:2CAM0385	|	352
	HOL:2CAM0386	|	193
	HOL:2CAM0387	|	844
	HOL:2CAM0388	|	306
	HOL:2CAM0389	|	606
	HOL:2CAM0390	|	68
	HOL:2CAM0391	|	728
	HOL:2CAM0392	|	172
	HOL:2CAM0393	|	38
	HOL:2CAM0396	|	127
	HOL:2CAM0397	|	135
	HOL:2CAM0398	|	18
	HOL:2CAM0399	|	190
	HOL:2CAM0404	|	93
	HOL:2CAM0408	|	252
	HOL:2CAM0413	|	41
	HOL:2CAM0418	|	56
	HOL:2CAM0420	|	48
	HOL:2CAM0433	|	510
	HOL:2CAM0448	|	181
	HOL:2CAM0449	|	8015
	HOL:2CAM0458	|	33
	HOL:2CAM0459	|	349
	HOL:2CAM0461	|	190
	HOL:2CAM0468	|	4179
	HOL:2CAM0475	|	44
	HOL:2CAM0477	|	1077
	HOL:2CAM0480	|	108
	HOL:2CAM0483	|	70
	HOL:2CAM0485	|	226
	HOL:2CAM0502	|	4510
	HOL:2CAM0503	|	327
	HOL:2CAM0504	|	28
	HOL:2CAM0510	|	125
	HOL:2CAM0511	|	3
	HOL:2CAM0512	|	84
	HOL:2CAM0519	|	2244
	HOL:2CAM0522	|	1040
	HOL:2CAM0559	|	74
	HOL:2CAM0562	|	336
	HOL:2CAM0572	|	1
	HOL:2CAM0576	|	24
	HOL:2CAM0591	|	48
	HOL:2CAM0600	|	7
	HOL:2CAM0612	|	4
	HOL:2COF0004	|	50
	HOL:2CRK0001	|	76
	HOL:2CRK0004	|	48
	HOL:2CRK0005	|	161
	HOL:2CRK0006	|	186
	HOL:2CRK0008	|	44
	HOL:2CRK0009	|	109
	HOL:2CRK0010	|	40
	HOL:2CRK0016	|	105
	HOL:2CRK0019	|	130
	HOL:2CRK0021	|	7
	HOL:2CRK0023	|	431
	HOL:2CRK0024	|	34
	HOL:2CRK0025	|	50
	HOL:2CRK0026	|	203
	HOL:2CRK0027	|	227
	HOL:2CRK0028	|	1183
	HOL:2CRK0029	|	4485
	HOL:2CRK0030	|	370
	HOL:2CRK0031	|	21
	HOL:2CRK0032	|	21
	HOL:2CRK0033	|	93
	HOL:2CRK0035	|	154
	HOL:2CRK0038	|	84
	HOL:2CRK0039	|	284
	HOL:2CRK0040	|	173
	HOL:2CRK0041	|	870
	HOL:2CRK0043	|	41
	HOL:2CRK0045	|	14
	HOL:2CRK0047	|	95
	HOL:2CRK0048	|	326
	HOL:2CRK0049	|	14
	HOL:2CRK0050	|	89
	HOL:2CRK0054	|	22
	HOL:2CRK0055	|	96
	HOL:2CRK0056	|	24
	HOL:2CRK0057	|	146
	HOL:2CRK0058	|	129
	HOL:2CRK0059	|	4
	HOL:2CRK0060	|	544
	HOL:2CRK0061	|	182
	HOL:2CRK0063	|	863
	HOL:2CRK0064	|	105
	HOL:2CRK0065	|	5758
	HOL:2CRK0067	|	141
	HOL:2CRK0068	|	304
	HOL:2CRK0069	|	39
	HOL:2CRK0070	|	8
	HOL:2CRK0072	|	19
	HOL:2CRK0073	|	87
	HOL:2CRK0074	|	10
	HOL:2CRK0082	|	64
	HOL:2CRK0083	|	189
	HOL:2CRK0084	|	104
	HOL:2CRK0086	|	67
	HOL:2CRK0088	|	215
	HOL:2CRK0090	|	126
	HOL:2CRK0092	|	7
	HOL:2CRK0093	|	76
	HOL:2CRK0094	|	55
	HOL:2CRK0115	|	12
	HOL:2CRK0116	|	3
	HOL:2CRK0118	|	562
	HOL:2CRK0127	|	1291
	HOL:2CRK0138	|	374
	HOL:2CRK0146	|	322
	HOL:2CRK0149	|	797
	HOL:2CRK0150	|	88
	HOL:2CRK0151	|	332
	HOL:2CRK0153	|	387
	HOL:2CRK0154	|	385
	HOL:2CRK0155	|	186
	HOL:2CRK0156	|	471
	HOL:2CRK0157	|	215
	HOL:2CRK0159	|	147
	HOL:2CRK0160	|	483
	HOL:2CRK0161	|	48
	HOL:2CRK0163	|	49
	HOL:2CRK0167	|	59
	HOL:2CRK0168	|	58
	HOL:2CRK0169	|	190
	HOL:2CRK0173	|	44
	HOL:2CRK0174	|	16
	HOL:2CRK0179	|	11
	HOL:2CRK0183	|	485
	HOL:2CRK0184	|	283
	HOL:2CRK0190	|	32
	HOL:2CRK0191	|	232
	HOL:2CRK0193	|	465
	HOL:2CRK0197	|	76
	HOL:2CRK0199	|	28
	HOL:2CRK0200	|	70
	HOL:2CRK0204	|	42
	HOL:2CRK0205	|	36
	HOL:2CRK0206	|	4
	HOL:2CRK0207	|	5
	HOL:2CRK0208	|	131
	HOL:2CRK0209	|	8
	HOL:2CRK0210	|	41
	HOL:2CRK0212	|	24
	HOL:2CRK0213	|	185
	HOL:2CRK0214	|	33
	HOL:2CRK0215	|	711
	HOL:2CRK0216	|	16
	HOL:2CRK0219	|	7
	HOL:2CRK0220	|	17
	HOL:2CRK0222	|	7
	HOL:2CRK0223	|	882
	HOL:2CRK0224	|	19
	HOL:2CRK0225	|	50
	HOL:2CRK0226	|	62
	HOL:2CRK0227	|	3
	HOL:2CRK0228	|	521
	HOL:2CRK0230	|	122
	HOL:2CRK0232	|	52
	HOL:2CRK0233	|	5199
	HOL:2CRK0235	|	49
	HOL:2CRK0236	|	13
	HOL:2CRK0237	|	54
	HOL:2CRK0238	|	54
	HOL:2CRK0240	|	183
	HOL:2CRK0241	|	204
	HOL:2CRK0242	|	375
	HOL:2CRK0243	|	221
	HOL:2CRK0245	|	296
	HOL:2CRK0246	|	37
	HOL:2CRK0247	|	4
	HOL:2CRK0248	|	1077
	HOL:2CRK0250	|	21
	HOL:2CRK0251	|	69
	HOL:2CRK0252	|	3
	HOL:2CRK0255	|	6
	HOL:2CRK0256	|	12
	HOL:2CRK0257	|	145
	HOL:2CRK0258	|	5901
	HOL:2CRK0259	|	2927
	HOL:2CRK0261	|	425
	HOL:2CRK0262	|	381
	HOL:2CRK0263	|	29
	HOL:2CRK0264	|	174
	HOL:2CRK0265	|	427
	HOL:2CRK0266	|	132
	HOL:2CRK0267	|	31
	HOL:2CRK0268	|	16
	HOL:2CRK0269	|	31
	HOL:2CRK0270	|	103
	HOL:2CRK0271	|	30
	HOL:2CRK0272	|	45
	HOL:2CRK0273	|	47
	HOL:2CRK0274	|	85
	HOL:2CRK0275	|	3
	HOL:2CRK0276	|	18
	HOL:2CRK0277	|	22
	HOL:2CRK0278	|	6
	HOL:2CRK0279	|	43
	HOL:2CRK0280	|	348
	HOL:2CRK0290	|	24
	HOL:2CRK0295	|	67
	HOL:2CRK0296	|	233
	HOL:2CRK0297	|	122
	HOL:2CRK0298	|	216
	HOL:2CRK0300	|	551
	HOL:2CRK0301	|	279
	HOL:2CRK0302	|	197
	HOL:2CRK0303	|	74
	HOL:2CRK0304	|	292
	HOL:2CRK0305	|	41
	HOL:2CRK0306	|	143
	HOL:2CRK0307	|	794
	HOL:2CRK0308	|	36
	HOL:2CRK0309	|	637
	HOL:2CRK0310	|	247
	HOL:2CRK0311	|	98
	HOL:2CRK0313	|	444
	HOL:2CRK0314	|	454
	HOL:2CRK0315	|	250
	HOL:2CRK0316	|	321
	HOL:2CRK0317	|	65
	HOL:2CRK0318	|	385
	HOL:2CRK0320	|	662
	HOL:2CRK0322	|	31
	HOL:2CRK0324	|	126
	HOL:2CRK0325	|	361
	HOL:2CRK0326	|	98
	HOL:2CRK0327	|	528
	HOL:2CRK0328	|	399
	HOL:2CRK0329	|	30
	HOL:2CRK0331	|	76
	HOL:2CRK0332	|	92
	HOL:2CRK0333	|	543
	HOL:2CRK0334	|	313
	HOL:2CRK0335	|	218
	HOL:2CRK0337	|	363
	HOL:2CRK0340	|	26
	HOL:2CRK0341	|	34
	HOL:2CRK0342	|	250
	HOL:2CRK0343	|	111
	HOL:2CRK0346	|	139
	HOL:2CRK0347	|	70
	HOL:2CRK0351	|	664
	HOL:2CRK0352	|	621
	HOL:2CRK0353	|	27
	HOL:2CRK0354	|	132
	HOL:2CRK0355	|	196
	HOL:2CRK0359	|	1097
	HOL:2CRK0361	|	1043
	HOL:2CRK0365	|	12
	HOL:2CRK0370	|	49
	HOL:2CRK0371	|	112
	HOL:2CRK0373	|	259
	HOL:2CRK0375	|	844
	HOL:2CRK0376	|	84
	HOL:2CRK0377	|	606
	HOL:2CRK0378	|	71
	HOL:2CRK0379	|	622
	HOL:2CRK0380	|	287
	HOL:2CRK0382	|	127
	HOL:2CRK0383	|	20
	HOL:2CRK0386	|	92
	HOL:2CRK0387	|	82
	HOL:2CRK0388	|	211
	HOL:2CRK0390	|	215
	HOL:2CRK0392	|	230
	HOL:2CRK0393	|	75
	HOL:2CRK0395	|	94
	HOL:2CRK0398	|	27
	HOL:2CRK0399	|	70
	HOL:2CRK0400	|	69
	HOL:2CRK0401	|	922
	HOL:2CRK0403	|	47
	HOL:2CRK0406	|	58
	HOL:2CRK0407	|	1100
	HOL:2CRK0408	|	167
	HOL:2CRK0409	|	94
	HOL:2CRK0410	|	25
	HOL:2CRK0412	|	89
	HOL:2CRK0413	|	3586
	HOL:2CRK0414	|	22
	HOL:2CRK0415	|	306
	HOL:2CRK0417	|	17
	HOL:2CRK0420	|	67
	HOL:2CRK0421	|	12
	HOL:2CRK0422	|	54
	HOL:2CRK0423	|	29
	HOL:2CRK0424	|	74
	HOL:2CRK0425	|	7
	HOL:2CRK0426	|	60
	HOL:2CRK0429	|	29
	HOL:2CRK0433	|	14
	HOL:2CRK0434	|	25
	HOL:2CRK0435	|	21
	HOL:2CRK0440	|	42
	HOL:2CRK0441	|	145
	HOL:2CRK0443	|	17
	HOL:2CRK0444	|	58
	HOL:2CRK0448	|	20
	HOL:2CRK0449	|	35
	HOL:2CRK0450	|	9
	HOL:2CRK0452	|	3291
	HOL:2CRK0454	|	21
	HOL:2CRK0456	|	21
	HOL:2CRK0462	|	26
	HOL:2CRK0470	|	22
	HOL:2CRK0471	|	57
	HOL:2CRK0475	|	4
	HOL:2CRK0479	|	7
	HOL:2CRK0481	|	15
	HOL:2CRK0482	|	15
	HOL:2CRK0483	|	35
	HOL:2CRK0487	|	4
	HOL:2CRK0506	|	9
	HOL:2CRK0507	|	29
	HOL:2CRK0518	|	22
	HOL:2CRK0526	|	2
	HOL:2CRK0528	|	41
	HOL:2CRK0529	|	1
	HOL:2CRK0532	|	11
	HOL:2CRK0542	|	252
	HOL:2CRK0544	|	300
	HOL:2CRK0545	|	510
	HOL:2CRK0549	|	148
	HOL:2CRK0550	|	147
	HOL:2CRK0568	|	30
	HOL:2CRK0578	|	95
	HOL:2CRK0589	|	38
	HOL:2CRK0601	|	27
	HOL:2CRK0602	|	63
	HOL:2CRK0603	|	1
	HOL:2CRK0614	|	43
	HOL:2CRK0616	|	26
	HOL:2CRK0618	|	313
	HOL:2CRK0632	|	1743
	HOL:2CRK0635	|	67
	HOL:2CRK0636	|	262
	HOL:2CRK0639	|	318
	HOL:2CRK0640	|	85
	HOL:2CRK0641	|	10
	HOL:2CRK0649	|	12
	HOL:2CRK0652	|	137
	HOL:2CRK0654	|	4
	HOL:2CRK0694	|	10
	HOL:2CRK0696	|	24
	HOL:2CRK0698	|	149
	HOL:2CRK0701	|	20
	HOL:2CRK0709	|	18
	HOL:2CRK0710	|	16
	HOL:2CRK0714	|	8
	HOL:2CRK0744	|	8
	HOL:2CRK0745	|	8
	HOL:2CRK0760	|	4
	HOL:2CRK0761	|	4
	HOL:2CRK0779	|	41
	HOL:2CRK0784	|	6
	HOL:2CRK0787	|	99
	HOL:2CTS0001	|	24125
	HOL:2CTS0003	|	357
	HOL:2CTS0004	|	1807
	HOL:2CTS0006	|	1652
	HOL:2CTS0012	|	6469
	HOL:2CTS0016	|	802
	HOL:2CTS0026	|	2295
	HOL:2CTS0037	|	802
	HOL:2CTS0039	|	1458
	HOL:2CTS0044	|	850
	HOL:2CTS0046	|	130
	HOL:2CTS0051	|	2448
	HOL:2CTS0054	|	798
	HOL:2CTS0056	|	283
	HOL:2CTS0059	|	573
	HOL:2CTS0067	|	166
	HOL:2CTS0075	|	792
	HOL:2CTS0111	|	1523
	HOL:2CTS0117	|	67
	HOL:2CTS0121	|	561
	HOL:2CTS0122	|	365
	HOL:2CTS0123	|	447
	HOL:2CTS0124	|	297
	HOL:2CTS0146	|	1458
	HOL:2CTS0192	|	9128
	HOL:2CTS0193	|	688
	HOL:2CTS0219	|	1203
	HOL:2CTS0220	|	1320
	HOL:2CTS0221	|	376
	HOL:2CTS0222	|	365
	HOL:2EGR0007	|	23
	HOL:2ESA0001	|	217
	HOL:2EVT0070	|	289
	HOL:2EVT0071	|	84
	HOL:2FMS0001	|	21
	HOL:2FMS0002	|	3002
	HOL:2FMS0003	|	38
	HOL:2FPR0001	|	363
	HOL:2FPR0012	|	250
	HOL:2FPS0001	|	626
	HOL:2FPS0002	|	9154
	HOL:2FPS0003	|	1449
	HOL:2FPS0006	|	161
	HOL:2FPS0008	|	1836
	HOL:2FPS0009	|	2387
	HOL:2FPS0010	|	3402
	HOL:2HWK0537	|	138
	HOL:2HWK0621	|	190
	HOL:2HWK0720	|	100
	HOL:2IAC0002	|	178
	HOL:2IAC0003	|	166
	HOL:2IAC0006	|	35
	HOL:2IAC0014	|	118
	HOL:2IAC0015	|	105
	HOL:2IAC0016	|	52
	HOL:2IAC0017	|	77
	HOL:2IAC0018	|	173
	HOL:2IAC0019	|	52
	HOL:2IAC0020	|	236
	HOL:2IAC0021	|	915
	HOL:2IAC0022	|	676
	HOL:2IAC0023	|	198
	HOL:2IAC0024	|	67
	HOL:2IAC0025	|	267
	HOL:2IAC0026	|	30
	HOL:2IAC0027	|	200
	HOL:2IAC0028	|	302
	HOL:2IAC0029	|	13
	HOL:2IAC0030	|	11
	HOL:2IAC0031	|	23
	HOL:2IAC0032	|	43
	HOL:2IAC0033	|	5
	HOL:2IGC0041	|	89
	HOL:2IGC0062	|	76
	HOL:2IGC0099	|	38
	HOL:2IGC0101	|	37
	HOL:2IGC0182	|	236
	HOL:2IGC0196	|	118
	HOL:2IGC0222	|	673
	HOL:2IGC0324	|	52
	HOL:2IGC0373	|	10
	HOL:2IGM0002	|	3
	HOL:2IGM0009	|	160
	HOL:2ISW0003	|	853
	HOL:2KNC0001	|	12
	HOL:2KNC0002	|	28
	HOL:2KNC0003	|	81
	HOL:2KNC0004	|	78
	HOL:2KNC0005	|	89
	HOL:2KNC0006	|	227
	HOL:2KNC0008	|	1
	HOL:2KNC0010	|	144
	HOL:2KNC0011	|	6
	HOL:2KNC0012	|	87
	HOL:2KNC0014	|	121
	HOL:2KNC0015	|	66
	HOL:2KNC0016	|	13
	HOL:2KNC0021	|	334
	HOL:2KNC0023	|	538
	HOL:2KNC0025	|	5693
	HOL:2KNC0026	|	409
	HOL:2KNC0029	|	3464
	HOL:2KNC0031	|	3088
	HOL:2KNC0032	|	168
	HOL:2KNC0035	|	18
	HOL:2KNC0037	|	66
	HOL:2KNC0038	|	14
	HOL:2KNC0040	|	5
	HOL:2KNC0044	|	91
	HOL:2KNC0052	|	56
	HOL:2KNC0053	|	163
	HOL:2KNC0054	|	1380
	HOL:2KNC0055	|	57
	HOL:2KNC0057	|	46
	HOL:2KNC0060	|	121
	HOL:2KNC0061	|	783
	HOL:2KNC0063	|	277
	HOL:2KNC0064	|	106
	HOL:2KNC0066	|	380
	HOL:2KNC0067	|	66
	HOL:2KNC0068	|	29
	HOL:2KNC0069	|	46
	HOL:2KNC0070	|	27
	HOL:2KNC0071	|	92
	HOL:2KNC0072	|	527
	HOL:2KNC0073	|	32
	HOL:2KNC0074	|	33
	HOL:2KNC0075	|	94
	HOL:2KNC0076	|	80
	HOL:2KNC0078	|	6
	HOL:2KNC0081	|	25
	HOL:2KNC0082	|	168
	HOL:2KNC0084	|	25
	HOL:2KNC0086	|	56
	HOL:2KNC0090	|	58
	HOL:2KNC0091	|	249
	HOL:2KNC0096	|	105
	HOL:2KNC0105	|	172
	HOL:2KNC0108	|	182
	HOL:2KNC0112	|	17
	HOL:2KNC0114	|	1672
	HOL:2KNC0123	|	25
	HOL:2KNC0128	|	141
	HOL:2KNC0129	|	948
	HOL:2KNC0130	|	4161
	HOL:2KNC0131	|	30
	HOL:2KNC0132	|	128
	HOL:2KNC0133	|	100
	HOL:2KNC0135	|	73
	HOL:2KNC0136	|	89
	HOL:2KNC0152	|	121
	HOL:2KNC0153	|	47
	HOL:2KNC0154	|	327
	HOL:2KNC0156	|	4283
	HOL:2KNC0166	|	6
	HOL:2KNC0170	|	2
	HOL:2KNC0185	|	4
	HOL:2KNC0186	|	47
	HOL:2KNC0193	|	28
	HOL:2KNC0194	|	27
	HOL:2KNC0198	|	1979
	HOL:2KNC0199	|	32
	HOL:2KNC0201	|	277
	HOL:2KNC0207	|	87
	HOL:2KNC0210	|	170
	HOL:2KNC0211	|	364
	HOL:2KNC0212	|	779
	HOL:2KNC0213	|	1376
	HOL:2KNC0219	|	115
	HOL:2KNC0220	|	311
	HOL:2KNC0221	|	75
	HOL:2KNC0222	|	263
	HOL:2KNC0230	|	48
	HOL:2KNC0246	|	40
	HOL:2KNC0249	|	84
	HOL:2KNC0254	|	114
	HOL:2KNC0264	|	57
	HOL:2KNC0266	|	16
	HOL:2KNC0288	|	156
	HOL:2KNC0289	|	53
	HOL:2KNC0291	|	15
	HOL:2KNC0293	|	38
	HOL:2KNC0305	|	16
	HOL:2KNC0315	|	20
	HOL:2KNC0333	|	4
	HOL:2KNC0339	|	66
	HOL:2KNC0343	|	44
	HOL:2KNC0456	|	67
	HOL:2KNC0507	|	33
	HOL:2MAP0001	|	11550
	HOL:2MAP0002	|	22
	HOL:2MAP0005	|	13381
	HOL:2MAP0006	|	1463
	HOL:2MAP0012	|	4357
	HOL:2MAP0013	|	978
	HOL:2MAP0017	|	4
	HOL:2MAP0021	|	256
	HOL:2MAP0022	|	113
	HOL:2MAP0044	|	32
	HOL:2MAP0049	|	309
	HOL:2MAP0071	|	757
	HOL:2MAP0087	|	41
	HOL:2MAP0102	|	16
	HOL:2MAP0132	|	89
	HOL:2MAP0204	|	1163
	HOL:2MAP0209	|	15
	HOL:2MAP3012	|	795
	HOL:2MAP3013	|	1257
	HOL:2MAP4002	|	2274
	HOL:2MAP4004	|	648
	HOL:2OPS0002	|	187
	HOL:2OPS0003	|	2006
	HOL:2OPS0022	|	294
	HOL:2OPS0031	|	3906
	HOL:2OPS0032	|	118
	HOL:2OPS0034	|	12464
	HOL:2OPS0035	|	9544
	HOL:2OPS0036	|	3418
	HOL:2OTS0002	|	25636
	HOL:2OTS0009	|	660
	HOL:2PDC0001	|	2092
	HOL:2SBK0001	|	274
	HOL:2SBK0002	|	876
	HOL:2SBK0003	|	139
	HOL:2SBK0004	|	171
	HOL:2TFS0002	|	84
	HOL:2TPS0037	|	410
	HOL:2TPS0044	|	176
	HOL:2TPS0048	|	335
	HOL:2TPS0059	|	2651
	HOL:2TPS0061	|	939
	HOL:2TPS0079	|	53
	HOL:2TPS0092	|	77
	HOL:2TPS0105	|	87
	HOL:2TPS0111	|	8
	HOL:2TPS0116	|	112
	HOL:2TPS0128	|	33
	HOL:2TPS0141	|	304
	HOL:2TPS0148	|	194
	HOL:2TPS0151	|	141
	HOL:2TPS0176	|	201
	HOL:2TPS0177	|	52
	HOL:2TPS0178	|	130
	HOL:2TPS0179	|	226
	HOL:2VSS0001	|	4969
	HOL:2VSS0002	|	516
	HOL:2VSS0003	|	265
	HOL:2VSS0004	|	122
	HOL:2VSS0005	|	353
	HOL:2VSS0006	|	668
	HOL:2VSS0007	|	188
	HOL:2VSS0008	|	1785
	HOL:2VSS0012	|	345
	HOL:2VSS0013	|	3144
	HOL:2VSS0014	|	350
	HOL:2VSS0017	|	73
	HOL:2VSS0018	|	146
	HOL:2VSS0019	|	260
	HOL:2VSS0021	|	238
	HOL:2VSS0024	|	206
	HOL:2VSS0025	|	655
	HOL:2VSS0027	|	236
	HOL:2VSS0030	|	28
	HOL:2VSS0032	|	59
	HOL:2VSS0033	|	119
	HOL:2VSS0034	|	66
	HOL:2VSS0038	|	61
	HOL:2VSS0039	|	17
	HOL:2VSS0042	|	14396
	HOL:2VSS0043	|	9275
	HOL:2VSS0044	|	30
	HOL:2VSS0045	|	747
	HOL:2VSS0047	|	3766
	HOL:2VSS0048	|	782
	HOL:2VSS0051	|	699
	HOL:2VSS0052	|	1429
	HOL:2VSS0053	|	765
	HOL:2VSS0054	|	1147
	HOL:2VSS0056	|	947
	HOL:2VSS0058	|	436
	HOL:2VSS0061	|	1351
	HOL:2VSS0064	|	22
	HOL:2VSS0065	|	724
	HOL:2VSS0068	|	833
	HOL:2VSS0069	|	270
	HOL:2VSS0070	|	142
	HOL:2VSS0072	|	333
	HOL:2VSS0073	|	423
	HOL:2VSS0076	|	349
	HOL:2VSS0079	|	429
	HOL:2VSS0081	|	273
	HOL:2VSS0084	|	192
	HOL:2VSS0087	|	235
	HOL:2VSS0093	|	45
	HOL:2VSS0094	|	155
	HOL:2VSS0096	|	257
	HOL:2VSS0097	|	167
	HOL:2VSS0100	|	190
	HOL:2VSS0101	|	896
	HOL:2VSS0102	|	150
	HOL:2VSS0109	|	47
	HOL:2VSS0110	|	67
	HOL:2VSS0114	|	1077
	HOL:2VSS0120	|	38
	HOL:2VSS0124	|	120
	HOL:2VSS0126	|	118
	HOL:2VSS0127	|	73
	HOL:2VSS0130	|	166
	HOL:2VSS0137	|	77
	HOL:2VSS0140	|	341
	HOL:2VSS0144	|	24
	HOL:2VSS0147	|	25
	HOL:2VSS0152	|	57
	HOL:2VSS0154	|	415
	HOL:2VSS0158	|	275
	HOL:2VSS0168	|	206
	HOL:2VSS0188	|	49
	HOL:2VSS0193	|	87
	HOL:2VSS0205	|	40
	HOL:2VSS0213	|	224
	HOL:2VSS0221	|	15
	HOL:2VSS0225	|	80
	HOL:2VSS0239	|	27
	HOL:2VSS0241	|	19
	HOL:2VSS0252	|	29
	HOL:2VSS0266	|	73
	HOL:2VSS0267	|	10
	HOL:2VSS0272	|	50
	HOL:2VSS0277	|	24
	HOL:2VSS0283	|	9
	HOL:2VSS0288	|	14
	HOL:2VSS0316	|	10
	HOL:2VSS0335	|	4
	HOL:2VSS0345	|	56
	HOL:2VSS0373	|	186
	HOL:2VSS0383	|	3
	HOL:2VSS0402	|	34
	HOL:2VSS0411	|	54
	HOL:2VSS0441	|	65
	HOL:2VSS0462	|	4
	HOL:2VSS0465	|	52
	HOL:2VSS0475	|	32
	HOL:2VSS0491	|	1
	HOL:2VSS0558	|	10082
	HOL:2VSS0560	|	10082
	HOL:2VSS0562	|	32
	HOL:2VSS0737	|	581
	HOL:2VSS0827	|	655
	HOL:2VSS0829	|	122
	HOL:2VSS0830	|	119
	HOL:2VSS0831	|	139
	HOL:2VSS0832	|	206
	HOL:2VTS0001	|	1402
	HOL:2VTS0002	|	175
	HOL:2VTS0003	|	99
	HOL:2VTS0004	|	235
	HOL:2VTS0005	|	181
	HOL:2VTS0006	|	131
	HOL:2VTS0007	|	190
	HOL:2VTS0008	|	495
	HOL:2VTS0009	|	461
	HOL:2VTS0010	|	190
	HOL:2VTS0011	|	467
	HOL:2VTS0012	|	463
	HOL:2VTS0013	|	139
	HOL:2VTS0014	|	241
	HOL:2VTS0015	|	973
	HOL:2VTS0016	|	376
	HOL:2VTS0017	|	104
	HOL:2VTS0018	|	241
	HOL:2VTS0019	|	530
	HOL:2VTS0020	|	178
	HOL:2VTS0021	|	74
	HOL:2VTS0022	|	38
	HOL:2VTS0023	|	28
	HOL:2VTS0024	|	28
	HOL:2VTS0025	|	74
	HOL:2VTS0026	|	160
	HOL:2VTS0027	|	297
	HOL:2VTS0028	|	18
	HOL:2VTS0029	|	628
	HOL:2VTS0030	|	7
	HOL:2VTS0031	|	7
	HOL:2VTS0032	|	159
	HOL:2VTS0033	|	264
	HOL:2VTS0034	|	41
	HOL:2VTS0035	|	369
	HOL:2VTS0036	|	49
	HOL:2VTS0037	|	64
	HOL:2VTS0038	|	21
	HOL:2VTS0039	|	256
	HOL:2VTS0040	|	83
	HOL:2VTS0041	|	249
	HOL:2VTS0042	|	336
	HOL:2VTS0043	|	798
	HOL:2VTS0044	|	885
	HOL:2VTS0045	|	496
	HOL:2VTS0046	|	65
	HOL:2VTS0047	|	35
	HOL:2VTS0048	|	35
	HOL:2VTS0049	|	885
	HOL:2VTS0050	|	27
	HOL:2VTS0051	|	1007
	HOL:2VTS0052	|	1020
	HOL:2VTS0053	|	13
	HOL:2VTS0054	|	419
	HOL:2VTS0055	|	419
	HOL:2VTS0056	|	1018
	HOL:2VTS0057	|	1903
	HOL:2VTS0058	|	264
	HOL:2VTS0059	|	5604
	HOL:2VTS0061	|	541
	HOL:2VTS0062	|	195
	HOL:2VTS0063	|	262
	HOL:2VTS0064	|	534
	HOL:2VTS0065	|	135
	HOL:2VTS0067	|	32
	HOL:2VTS0068	|	32
	HOL:2VTS0069	|	1043
	HOL:2VTS0070	|	74
	HOL:2VTS0071	|	480
	HOL:2VTS0072	|	234
	HOL:2VTS0073	|	22
	HOL:2VTS0074	|	22
	HOL:2VTS0075	|	70
	HOL:2VTS0076	|	110
	HOL:2VTS0077	|	51
	HOL:2VTS0078	|	49
	HOL:2VTS0079	|	50
	HOL:2VTS0080	|	25
	HOL:2VTS0081	|	25
	HOL:2VTS0082	|	55
	HOL:2VTS0083	|	327
	HOL:2VTS0085	|	65
	HOL:2VTS0089	|	162
	HOL:2VTS0090	|	47
	HOL:2VTS0093	|	50
	HOL:2VTS0095	|	32
	HOL:2VTS0098	|	468
	HOL:2VTS0101	|	17
	HOL:2VTS0104	|	82
	HOL:2VTS0105	|	9
	HOL:2VTS0106	|	22
	HOL:2VTS0107	|	57
	HOL:2VTS0108	|	24
	HOL:2VTS0109	|	57
	HOL:2VTS0110	|	155
	HOL:2VTS0111	|	155
	HOL:2VTS0112	|	191
	HOL:2VTS0113	|	191
	HOL:2VTS0114	|	24
	HOL:2VTS0115	|	177
	HOL:2VTS0116	|	67
	HOL:2VTS0117	|	177
	HOL:2VTS0118	|	67
	HOL:2VTS0119	|	96
	HOL:2VTS0120	|	34
	HOL:2VTS0121	|	60
	HOL:2VTS0122	|	77
	HOL:2VTS0123	|	184
	HOL:2VTS0124	|	219
	HOL:2VTS0126	|	33
	HOL:2VTS0127	|	244
	HOL:2VTS0128	|	64
	HOL:2VTS0129	|	64
	HOL:2VTS0132	|	33
	HOL:2VTS0137	|	55
	HOL:2VTS0138	|	63
	HOL:2VTS0141	|	13
	HOL:2VTS0143	|	191
	HOL:2VTS0144	|	161
	HOL:2VTS0150	|	4
	HOL:2VTS0152	|	124
	HOL:2VTS0162	|	83
	HOL:2VTS0165	|	31
	HOL:2VTS0166	|	4
	HOL:2VTS0167	|	4
	HOL:2VTS0168	|	164
	HOL:2VTS0183	|	388
	HOL:2VTS0184	|	89
	HOL:2VTS0186	|	43
	HOL:2VTS0188	|	9
	HOL:2VTS0189	|	61
	HOL:2VTS0190	|	435
	HOL:2VTS0191	|	272
	HOL:2VTS0193	|	212
	HOL:2VTS0198	|	313
	HOL:2VTS0199	|	241
	HOL:2VTS0204	|	126
	HOL:2VTS0208	|	170
	HOL:2VTS0212	|	1
	HOL:2VTS0226	|	7
	HOL:2VTS0229	|	156
	HOL:2VTS0231	|	76
	HOL:2VTS0233	|	10
	HOL:2VTS0234	|	236
	HOL:2VTS0235	|	236
	HOL:2VTS0238	|	32
	HOL:2VTS0239	|	20
	HOL:2VTS0240	|	53
	HOL:2VTS0241	|	6
	HOL:2VTS0245	|	19
	HOL:2VTS0247	|	22
	HOL:2VTS0249	|	213
	HOL:2VTS0250	|	213
	HOL:2VTS0266	|	14
	HOL:2VTS0269	|	147
	HOL:2VTS0295	|	42
	HOL:2VTS0297	|	11
	HOL:2VTS0314	|	9
	HOL:2VTS0317	|	4
	HOL:2VTS0318	|	8
	HOL:2VTS0319	|	4
	HOL:2VTS0320	|	8
	HOL:2VTS0323	|	66
	HOL:2VTS0324	|	22
	HOL:2VTS0330	|	66
	HOL:2VTS0336	|	20
	HOL:2VTS0346	|	34
	HOL:2VTS0358	|	16
	HOL:2VTS0359	|	345
	HOL:2VTS0446	|	28
	HOL:2VTS0448	|	1
	HOL:2VTS0449	|	1
	HOL:2VTS0450	|	1
	HOL:2VTS0457	|	108
	HOL:2VTS0458	|	122
	HOL:2VTS0464	|	62
	HOL:2VTS0465	|	46
	HOL:2VTS0466	|	30
	HOL:2VTS0467	|	8
	HOL:2WIN0002	|	322
	HOL:2WIN0003	|	131
